#
# There is insufficient memory for the Java Runtime Environment to continue.
# Native memory allocation (malloc) failed to allocate 484336 bytes. Error detail: Chunk::new
# Possible reasons:
#   The system is out of physical RAM or swap space
#   This process is running with CompressedOops enabled, and the Java Heap may be blocking the growth of the native heap
# Possible solutions:
#   Reduce memory load on the system
#   Increase physical memory or swap space
#   Check if swap backing store is full
#   Decrease Java heap size (-Xmx/-Xms)
#   Decrease number of Java threads
#   Decrease Java thread stack sizes (-Xss)
#   Set larger code cache with -XX:ReservedCodeCacheSize=
#   JVM is running with Unscaled Compressed Oops mode in which the Java heap is
#     placed in the first 4GB address space. The Java Heap base address is the
#     maximum limit for the native heap growth. Please use -XX:HeapBaseMinAddress
#     to set the Java Heap base and to place the Java Heap above 4GB virtual address.
# This output file may be truncated or incomplete.
#
#  Out of Memory Error (arena.cpp:168), pid=25456, tid=25560
#
# JRE version: OpenJDK Runtime Environment Temurin-21.0.11+10 (21.0.11+10) (build 21.0.11+10-LTS)
# Java VM: OpenJDK 64-Bit Server VM Temurin-21.0.11+10 (21.0.11+10-LTS, mixed mode, sharing, tiered, compressed oops, compressed class ptrs, parallel gc, windows-amd64)
# No core dump will be written. Minidumps are not enabled by default on client versions of Windows
#

---------------  S U M M A R Y ------------

Command Line: --add-modules=ALL-SYSTEM --add-opens=java.base/java.util=ALL-UNNAMED --add-opens=java.base/java.lang=ALL-UNNAMED --add-opens=java.base/sun.nio.fs=ALL-UNNAMED -Declipse.application=org.eclipse.jdt.ls.core.id1 -Dosgi.bundles.defaultStartLevel=4 -Declipse.product=org.eclipse.jdt.ls.core.product -Djava.import.generatesMetadataFilesAtProjectRoot=false -DDetectVMInstallationsJob.disabled=true -Dfile.encoding=utf8 -XX:+UseParallelGC -XX:GCTimeRatio=4 -XX:AdaptiveSizePolicyWeight=90 -Dsun.zip.disableMemoryMapping=true -Xmx2G -Xms100m -Xlog:disable -javaagent:c:\Users\Ali\.vscode\extensions\redhat.java-1.55.0-win32-x64\lombok\lombok-1.18.39-4050.jar -XX:+HeapDumpOnOutOfMemoryError -XX:HeapDumpPath=c:\Users\Ali\AppData\Roaming\Code\User\workspaceStorage\172a0b7ef7983f14f7374d10f53ee837\redhat.java -Daether.dependencyCollector.impl=bf c:\Users\Ali\.vscode\extensions\redhat.java-1.55.0-win32-x64\server\plugins\org.eclipse.equinox.launcher_1.7.200.v20260619-2039.jar -configuration c:\Users\Ali\AppData\Roaming\Code\User\globalStorage\redhat.java\1.55.0\config_win -data c:\Users\Ali\AppData\Roaming\Code\User\workspaceStorage\172a0b7ef7983f14f7374d10f53ee837\redhat.java\jdt_ws --pipe=\\.\pipe\lsp-8132b59b6d795d31afd047c5391e901f-sock

Host: Intel(R) Core(TM) i7-6700HQ CPU @ 2.60GHz, 8 cores, 7G,  Windows 10 , 64 bit Build 19041 (10.0.19041.5915)
Time: Fri Jul 10 18:04:51 2026 Egypt Daylight Time elapsed time: 32.982185 seconds (0d 0h 0m 32s)

---------------  T H R E A D  ---------------

Current thread (0x0000024def7bc660):  JavaThread "C2 CompilerThread0" daemon [_thread_in_native, id=25560, stack(0x000000c3abc00000,0x000000c3abd00000) (1024K)]


Current CompileTask:
C2:32982 7077       4       org.eclipse.jdt.internal.core.index.DiskIndex::writeDocumentNumbers (384 bytes)

Stack: [0x000000c3abc00000,0x000000c3abd00000]
Native frames: (J=compiled Java code, j=interpreted, Vv=VM code, C=native code)
V  [jvm.dll+0x6d7e19]
V  [jvm.dll+0x8b5096]
V  [jvm.dll+0x8b764e]
V  [jvm.dll+0x8b7d33]
V  [jvm.dll+0x284596]
V  [jvm.dll+0xc685d]
V  [jvm.dll+0xc6da1]
V  [jvm.dll+0x2fb4ee]
V  [jvm.dll+0x5fe9a4]
V  [jvm.dll+0x255d67]
V  [jvm.dll+0x25612d]
V  [jvm.dll+0x24e6a0]
V  [jvm.dll+0x24bbe6]
V  [jvm.dll+0x1cb4ae]
V  [jvm.dll+0x25baad]
V  [jvm.dll+0x25a03a]
V  [jvm.dll+0x3f868e]
V  [jvm.dll+0x85fb0d]
V  [jvm.dll+0x6d664d]
C  [ucrtbase.dll+0x21bb2]
C  [KERNEL32.DLL+0x17374]
C  [ntdll.dll+0x4cc91]


---------------  P R O C E S S  ---------------

Threads class SMR info:
_java_thread_list=0x0000024df801b1b0, length=38, elements={
0x0000024dd869a4d0, 0x0000024def7a6860, 0x0000024def7a8280, 0x0000024def7adfe0,
0x0000024def7aec40, 0x0000024def7b3690, 0x0000024def7b4c60, 0x0000024def7bc660,
0x0000024df1168120, 0x0000024df133a640, 0x0000024df14d4c40, 0x0000024df1c9a640,
0x0000024df63daeb0, 0x0000024df602fa90, 0x0000024df60620f0, 0x0000024df1d039b0,
0x0000024df1c26830, 0x0000024df19e41a0, 0x0000024df64cfa00, 0x0000024df6489130,
0x0000024df6b8b780, 0x0000024df6b8c4a0, 0x0000024df6b8cb30, 0x0000024df6b8d1c0,
0x0000024df6b8be10, 0x0000024df6b8a3d0, 0x0000024df6b8aa60, 0x0000024df6b8b0f0,
0x0000024df75c3e30, 0x0000024df75c0320, 0x0000024df75bef70, 0x0000024df75c37a0,
0x0000024df75bdbc0, 0x0000024df75bf600, 0x0000024df75c23f0, 0x0000024df75bfc90,
0x0000024df75c09b0, 0x0000024df87ac370
}

Java Threads: ( => current thread )
  0x0000024dd869a4d0 JavaThread "main"                              [_thread_blocked, id=25508, stack(0x000000c3ab200000,0x000000c3ab300000) (1024K)]
  0x0000024def7a6860 JavaThread "Reference Handler"          daemon [_thread_blocked, id=25536, stack(0x000000c3ab600000,0x000000c3ab700000) (1024K)]
  0x0000024def7a8280 JavaThread "Finalizer"                  daemon [_thread_blocked, id=25540, stack(0x000000c3ab700000,0x000000c3ab800000) (1024K)]
  0x0000024def7adfe0 JavaThread "Signal Dispatcher"          daemon [_thread_blocked, id=25544, stack(0x000000c3ab800000,0x000000c3ab900000) (1024K)]
  0x0000024def7aec40 JavaThread "Attach Listener"            daemon [_thread_blocked, id=25548, stack(0x000000c3ab900000,0x000000c3aba00000) (1024K)]
  0x0000024def7b3690 JavaThread "Service Thread"             daemon [_thread_blocked, id=25552, stack(0x000000c3aba00000,0x000000c3abb00000) (1024K)]
  0x0000024def7b4c60 JavaThread "Monitor Deflation Thread"   daemon [_thread_blocked, id=25556, stack(0x000000c3abb00000,0x000000c3abc00000) (1024K)]
=>0x0000024def7bc660 JavaThread "C2 CompilerThread0"         daemon [_thread_in_native, id=25560, stack(0x000000c3abc00000,0x000000c3abd00000) (1024K)]
  0x0000024df1168120 JavaThread "C1 CompilerThread0"         daemon [_thread_blocked, id=25564, stack(0x000000c3abd00000,0x000000c3abe00000) (1024K)]
  0x0000024df133a640 JavaThread "Common-Cleaner"             daemon [_thread_blocked, id=25576, stack(0x000000c3abf00000,0x000000c3ac000000) (1024K)]
  0x0000024df14d4c40 JavaThread "Notification Thread"        daemon [_thread_blocked, id=20664, stack(0x000000c3abe00000,0x000000c3abf00000) (1024K)]
  0x0000024df1c9a640 JavaThread "Active Thread: Equinox Container: d723efd7-b29c-4f3c-967a-8f3f578f2aa9"        [_thread_blocked, id=24800, stack(0x000000c3ac800000,0x000000c3ac900000) (1024K)]
  0x0000024df63daeb0 JavaThread "Refresh Thread: Equinox Container: d723efd7-b29c-4f3c-967a-8f3f578f2aa9" daemon [_thread_blocked, id=24832, stack(0x000000c3ac700000,0x000000c3ac800000) (1024K)]
  0x0000024df602fa90 JavaThread "Framework Event Dispatcher: Equinox Container: d723efd7-b29c-4f3c-967a-8f3f578f2aa9" daemon [_thread_blocked, id=24848, stack(0x000000c3ac000000,0x000000c3ac100000) (1024K)]
  0x0000024df60620f0 JavaThread "Start Level: Equinox Container: d723efd7-b29c-4f3c-967a-8f3f578f2aa9" daemon [_thread_blocked, id=24852, stack(0x000000c3aca00000,0x000000c3acb00000) (1024K)]
  0x0000024df1d039b0 JavaThread "Bundle File Closer"         daemon [_thread_blocked, id=24304, stack(0x000000c3acc00000,0x000000c3acd00000) (1024K)]
  0x0000024df1c26830 JavaThread "SCR Component Actor"        daemon [_thread_blocked, id=9096, stack(0x000000c3acb00000,0x000000c3acc00000) (1024K)]
  0x0000024df19e41a0 JavaThread "Worker-JM"                         [_thread_blocked, id=2396, stack(0x000000c3ace00000,0x000000c3acf00000) (1024K)]
  0x0000024df64cfa00 JavaThread "JNA Cleaner"                daemon [_thread_blocked, id=23724, stack(0x000000c3acf00000,0x000000c3ad000000) (1024K)]
  0x0000024df6489130 JavaThread "Worker-0"                          [_thread_blocked, id=25012, stack(0x000000c3ad000000,0x000000c3ad100000) (1024K)]
  0x0000024df6b8b780 JavaThread "Worker-1"                          [_thread_blocked, id=24540, stack(0x000000c3ad100000,0x000000c3ad200000) (1024K)]
  0x0000024df6b8c4a0 JavaThread "Worker-2: Initialize workspace"        [_thread_blocked, id=21768, stack(0x000000c3acd00000,0x000000c3ace00000) (1024K)]
  0x0000024df6b8cb30 JavaThread "Java indexing"              daemon [_thread_in_native, id=25384, stack(0x000000c3ad300000,0x000000c3ad400000) (1024K)]
  0x0000024df6b8d1c0 JavaThread "Worker-3"                          [_thread_blocked, id=6984, stack(0x000000c3ad600000,0x000000c3ad700000) (1024K)]
  0x0000024df6b8be10 JavaThread "Worker-4: Java indexing... "        [_thread_blocked, id=24396, stack(0x000000c3ad700000,0x000000c3ad800000) (1024K)]
  0x0000024df6b8a3d0 JavaThread "Thread-1"                   daemon [_thread_in_native, id=23536, stack(0x000000c3ad800000,0x000000c3ad900000) (1024K)]
  0x0000024df6b8aa60 JavaThread "Thread-2"                   daemon [_thread_in_native, id=25584, stack(0x000000c3ad900000,0x000000c3ada00000) (1024K)]
  0x0000024df6b8b0f0 JavaThread "Thread-3"                   daemon [_thread_in_native, id=25580, stack(0x000000c3ada00000,0x000000c3adb00000) (1024K)]
  0x0000024df75c3e30 JavaThread "Thread-4"                   daemon [_thread_in_native, id=24632, stack(0x000000c3adb00000,0x000000c3adc00000) (1024K)]
  0x0000024df75c0320 JavaThread "Thread-5"                   daemon [_thread_in_native, id=24636, stack(0x000000c3adc00000,0x000000c3add00000) (1024K)]
  0x0000024df75bef70 JavaThread "Thread-6"                   daemon [_thread_in_native, id=14484, stack(0x000000c3add00000,0x000000c3ade00000) (1024K)]
  0x0000024df75c37a0 JavaThread "Thread-7"                   daemon [_thread_in_native, id=25592, stack(0x000000c3ade00000,0x000000c3adf00000) (1024K)]
  0x0000024df75bdbc0 JavaThread "Thread-8"                   daemon [_thread_in_native, id=12864, stack(0x000000c3adf00000,0x000000c3ae000000) (1024K)]
  0x0000024df75bf600 JavaThread "Thread-9"                   daemon [_thread_in_native, id=21932, stack(0x000000c3ae000000,0x000000c3ae100000) (1024K)]
  0x0000024df75c23f0 JavaThread "pool-2-thread-1"                   [_thread_blocked, id=24544, stack(0x000000c3ae100000,0x000000c3ae200000) (1024K)]
  0x0000024df75bfc90 JavaThread "WorkspaceEventsHandler"            [_thread_blocked, id=21908, stack(0x000000c3ae200000,0x000000c3ae300000) (1024K)]
  0x0000024df75c09b0 JavaThread "pool-1-thread-1"                   [_thread_blocked, id=24536, stack(0x000000c3ae300000,0x000000c3ae400000) (1024K)]
  0x0000024df87ac370 JavaThread "C2 CompilerThread1"         daemon [_thread_in_native, id=21248, stack(0x000000c3ad200000,0x000000c3ad300000) (1024K)]
Total: 38

Other Threads:
  0x0000024dd8738b10 VMThread "VM Thread"                           [id=25532, stack(0x000000c3ab500000,0x000000c3ab600000) (1024K)]
  0x0000024def6acb40 WatcherThread "VM Periodic Task Thread"        [id=25528, stack(0x000000c3ab400000,0x000000c3ab500000) (1024K)]
  0x0000024dd86b9ee0 WorkerThread "GC Thread#0"                     [id=25524, stack(0x000000c3ab300000,0x000000c3ab400000) (1024K)]
  0x0000024df1b89490 WorkerThread "GC Thread#1"                     [id=6304, stack(0x000000c3ac100000,0x000000c3ac200000) (1024K)]
  0x0000024df1a087f0 WorkerThread "GC Thread#2"                     [id=4544, stack(0x000000c3ac200000,0x000000c3ac300000) (1024K)]
  0x0000024df15506b0 WorkerThread "GC Thread#3"                     [id=7320, stack(0x000000c3ac300000,0x000000c3ac400000) (1024K)]
  0x0000024df1550a60 WorkerThread "GC Thread#4"                     [id=19068, stack(0x000000c3ac400000,0x000000c3ac500000) (1024K)]
  0x0000024df16af850 WorkerThread "GC Thread#5"                     [id=15640, stack(0x000000c3ac500000,0x000000c3ac600000) (1024K)]
  0x0000024df16afc00 WorkerThread "GC Thread#6"                     [id=13836, stack(0x000000c3ac600000,0x000000c3ac700000) (1024K)]
  0x0000024df60f5f50 WorkerThread "GC Thread#7"                     [id=24836, stack(0x000000c3ac900000,0x000000c3aca00000) (1024K)]
Total: 10

Threads with active compile tasks:
C2 CompilerThread0  33141 7077       4       org.eclipse.jdt.internal.core.index.DiskIndex::writeDocumentNumbers (384 bytes)
C2 CompilerThread1  33141 7065   !   4       org.eclipse.jdt.internal.core.search.indexing.BinaryIndexer::indexDocument (1172 bytes)
Total: 2

VM state: not at safepoint (normal execution)

VM Mutex/Monitor currently owned by a thread: None

Heap address: 0x0000000080000000, size: 2048 MB, Compressed Oops mode: 32-bit

CDS archive(s) mapped at: [0x0000024d80000000-0x0000024d80ba0000-0x0000024d80ba0000), size 12189696, SharedBaseAddress: 0x0000024d80000000, ArchiveRelocationMode: 1.
Compressed class space mapped at: 0x0000024d81000000-0x0000024dc1000000, reserved size: 1073741824
Narrow klass base: 0x0000024d80000000, Narrow klass shift: 0, Narrow klass range: 0x100000000

GC Precious Log:
 CardTable entry size: 512
 CPUs: 8 total, 8 available
 Memory: 8071M
 Large Page Support: Disabled
 NUMA Support: Disabled
 Compressed Oops: Enabled (32-bit)
 Alignments: Space 512K, Generation 512K, Heap 2M
 Heap Min Capacity: 100M
 Heap Initial Capacity: 100M
 Heap Max Capacity: 2G
 Pre-touch: Disabled
 Parallel Workers: 8

Heap:
 PSYoungGen      total 22016K, used 12579K [0x00000000d5580000, 0x00000000d6d00000, 0x0000000100000000)
  eden space 20992K, 56% used [0x00000000d5580000,0x00000000d6128c60,0x00000000d6a00000)
  from space 1024K, 62% used [0x00000000d6a00000,0x00000000d6aa0000,0x00000000d6b00000)
  to   space 1536K, 0% used [0x00000000d6b80000,0x00000000d6b80000,0x00000000d6d00000)
 ParOldGen       total 68608K, used 37248K [0x0000000080000000, 0x0000000084300000, 0x00000000d5580000)
  object space 68608K, 54% used [0x0000000080000000,0x0000000082460200,0x0000000084300000)
 Metaspace       used 48611K, committed 49920K, reserved 1114112K
  class space    used 5282K, committed 5824K, reserved 1048576K

Card table byte_map: [0x0000024deab10000,0x0000024deaf20000] _byte_map_base: 0x0000024dea710000

Marking Bits: (ParMarkBitMap*) 0x00007ffdcaaf4460
 Begin Bits: [0x0000024deb1d0000, 0x0000024ded1d0000)
 End Bits:   [0x0000024ded1d0000, 0x0000024def1d0000)

Polling page: 0x0000024dd6890000

Metaspace:

Usage:
  Non-class:     42.31 MB used.
      Class:      5.16 MB used.
       Both:     47.47 MB used.

Virtual space:
  Non-class space:       64.00 MB reserved,      43.06 MB ( 67%) committed,  1 nodes.
      Class space:        1.00 GB reserved,       5.69 MB ( <1%) committed,  1 nodes.
             Both:        1.06 GB reserved,      48.75 MB (  4%) committed. 

Chunk freelists:
   Non-Class:  4.59 MB
       Class:  10.24 MB
        Both:  14.83 MB

MaxMetaspaceSize: unlimited
CompressedClassSpaceSize: 1.00 GB
Initial GC threshold: 21.00 MB
Current GC threshold: 58.38 MB
CDS: on
 - commit_granule_bytes: 65536.
 - commit_granule_words: 8192.
 - virtual_space_node_default_size: 8388608.
 - enlarge_chunks_in_place: 1.
 - use_allocation_guard: 0.


Internal statistics:

num_allocs_failed_limit: 6.
num_arena_births: 980.
num_arena_deaths: 14.
num_vsnodes_births: 2.
num_vsnodes_deaths: 0.
num_space_committed: 780.
num_space_uncommitted: 0.
num_chunks_returned_to_freelist: 20.
num_chunks_taken_from_freelist: 3298.
num_chunk_merges: 7.
num_chunk_splits: 1991.
num_chunks_enlarged: 1029.
num_inconsistent_stats: 0.

CodeHeap 'non-profiled nmethods': size=120000Kb used=3740Kb max_used=3740Kb free=116260Kb
 bounds [0x0000024de3400000, 0x0000024de37b0000, 0x0000024dea930000]
CodeHeap 'profiled nmethods': size=120000Kb used=13692Kb max_used=13692Kb free=106307Kb
 bounds [0x0000024ddb930000, 0x0000024ddc690000, 0x0000024de2e60000]
CodeHeap 'non-nmethods': size=5760Kb used=1380Kb max_used=1477Kb free=4379Kb
 bounds [0x0000024de2e60000, 0x0000024de30d0000, 0x0000024de3400000]
CodeCache: size=245760Kb, used=18812Kb, max_used=18909Kb, free=226946Kb
 total_blobs=7162, nmethods=6478, adapters=590, full_count=0
Compilation: enabled, stopped_count=0, restarted_count=0

Compilation events (20 events):
Event: 32.526 Thread 0x0000024df1168120 7074       3       org.eclipse.jdt.internal.core.index.DiskIndex::writeCategoryTable (252 bytes)
Event: 32.529 Thread 0x0000024df1168120 nmethod 7074 0x0000024ddc68ce10 code [0x0000024ddc68d100, 0x0000024ddc68e3e0]
Event: 32.638 Thread 0x0000024def7bc660 nmethod 7055 0x0000024de3799690 code [0x0000024de3799e60, 0x0000024de37a0f00]
Event: 32.645 Thread 0x0000024def7bc660 7056       4       org.eclipse.core.runtime.Path::equals (127 bytes)
Event: 32.661 Thread 0x0000024def7bc660 nmethod 7056 0x0000024de37a4410 code [0x0000024de37a45c0, 0x0000024de37a4a18]
Event: 32.661 Thread 0x0000024def7bc660 7071       4       org.eclipse.jdt.internal.core.search.indexing.BinaryIndexer::extractArgCount (8 bytes)
Event: 32.709 Thread 0x0000024def7bc660 nmethod 7071 0x0000024de37a4c10 code [0x0000024de37a4de0, 0x0000024de37a5610]
Event: 32.709 Thread 0x0000024def7bc660 7067       4       java.net.URI$Parser::checkChars (44 bytes)
Event: 32.712 Thread 0x0000024df1168120 7075   !   3       java.io.FileInputStream::available (24 bytes)
Event: 32.712 Thread 0x0000024df1168120 nmethod 7075 0x0000024ddc68ea10 code [0x0000024ddc68ebe0, 0x0000024ddc68edf0]
Event: 32.738 Thread 0x0000024def7bc660 nmethod 7067 0x0000024de37a5990 code [0x0000024de37a5b80, 0x0000024de37a6290]
Event: 32.738 Thread 0x0000024def7bc660 7063       4       org.eclipse.jdt.internal.compiler.parser.Scanner::setSource (65 bytes)
Event: 32.740 Thread 0x0000024def7bc660 nmethod 7063 0x0000024de37a6690 code [0x0000024de37a6820, 0x0000024de37a6908]
Event: 32.740 Thread 0x0000024def7bc660 7062       4       java.lang.invoke.Invokers$Holder::linkToTargetMethod (11 bytes)
Event: 32.741 Thread 0x0000024df1168120 7076       3       java.io.BufferedOutputStream::flushBuffer (29 bytes)
Event: 32.741 Thread 0x0000024df1168120 nmethod 7076 0x0000024ddc68ef10 code [0x0000024ddc68f0c0, 0x0000024ddc68f2e8]
Event: 32.743 Thread 0x0000024def7bc660 nmethod 7062 0x0000024de37a6990 code [0x0000024de37a6b20, 0x0000024de37a6c28]
Event: 32.743 Thread 0x0000024def7bc660 7066       4       org.eclipse.jdt.internal.compiler.ast.TypeDeclaration::kind (58 bytes)
Event: 32.746 Thread 0x0000024def7bc660 nmethod 7066 0x0000024de37a6d10 code [0x0000024de37a6ea0, 0x0000024de37a6fa8]
Event: 32.869 Thread 0x0000024def7bc660 7077       4       org.eclipse.jdt.internal.core.index.DiskIndex::writeDocumentNumbers (384 bytes)

GC Heap History (20 events):
Event: 20.395 GC heap before
{Heap before GC invocations=18 (full 2):
 PSYoungGen      total 24576K, used 23168K [0x00000000d5580000, 0x00000000d7000000, 0x0000000100000000)
  eden space 22016K, 100% used [0x00000000d5580000,0x00000000d6b00000,0x00000000d6b00000)
  from space 2560K, 45% used [0x00000000d6b00000,0x00000000d6c20000,0x00000000d6d80000)
  to   space 2048K, 0% used [0x00000000d6e00000,0x00000000d6e00000,0x00000000d7000000)
 ParOldGen       total 68608K, used 21738K [0x0000000080000000, 0x0000000084300000, 0x00000000d5580000)
  object space 68608K, 31% used [0x0000000080000000,0x000000008153abe0,0x0000000084300000)
 Metaspace       used 42403K, committed 43712K, reserved 1114112K
  class space    used 4550K, committed 5056K, reserved 1048576K
}
Event: 20.402 GC heap after
{Heap after GC invocations=18 (full 2):
 PSYoungGen      total 24064K, used 1760K [0x00000000d5580000, 0x00000000d7000000, 0x0000000100000000)
  eden space 22016K, 0% used [0x00000000d5580000,0x00000000d5580000,0x00000000d6b00000)
  from space 2048K, 85% used [0x00000000d6e00000,0x00000000d6fb8020,0x00000000d7000000)
  to   space 2048K, 0% used [0x00000000d6c00000,0x00000000d6c00000,0x00000000d6e00000)
 ParOldGen       total 68608K, used 22625K [0x0000000080000000, 0x0000000084300000, 0x00000000d5580000)
  object space 68608K, 32% used [0x0000000080000000,0x00000000816184f0,0x0000000084300000)
 Metaspace       used 42403K, committed 43712K, reserved 1114112K
  class space    used 4550K, committed 5056K, reserved 1048576K
}
Event: 21.241 GC heap before
{Heap before GC invocations=19 (full 2):
 PSYoungGen      total 24064K, used 23776K [0x00000000d5580000, 0x00000000d7000000, 0x0000000100000000)
  eden space 22016K, 99% used [0x00000000d5580000,0x00000000d6affff0,0x00000000d6b00000)
  from space 2048K, 85% used [0x00000000d6e00000,0x00000000d6fb8020,0x00000000d7000000)
  to   space 2048K, 0% used [0x00000000d6c00000,0x00000000d6c00000,0x00000000d6e00000)
 ParOldGen       total 68608K, used 22625K [0x0000000080000000, 0x0000000084300000, 0x00000000d5580000)
  object space 68608K, 32% used [0x0000000080000000,0x00000000816184f0,0x0000000084300000)
 Metaspace       used 44478K, committed 45824K, reserved 1114112K
  class space    used 4808K, committed 5376K, reserved 1048576K
}
Event: 21.251 GC heap after
{Heap after GC invocations=19 (full 2):
 PSYoungGen      total 23552K, used 1407K [0x00000000d5580000, 0x00000000d6e80000, 0x0000000100000000)
  eden space 22016K, 0% used [0x00000000d5580000,0x00000000d5580000,0x00000000d6b00000)
  from space 1536K, 91% used [0x00000000d6c00000,0x00000000d6d5fc28,0x00000000d6d80000)
  to   space 1024K, 0% used [0x00000000d6d80000,0x00000000d6d80000,0x00000000d6e80000)
 ParOldGen       total 68608K, used 24128K [0x0000000080000000, 0x0000000084300000, 0x00000000d5580000)
  object space 68608K, 35% used [0x0000000080000000,0x0000000081790220,0x0000000084300000)
 Metaspace       used 44478K, committed 45824K, reserved 1114112K
  class space    used 4808K, committed 5376K, reserved 1048576K
}
Event: 22.584 GC heap before
{Heap before GC invocations=20 (full 2):
 PSYoungGen      total 23552K, used 23423K [0x00000000d5580000, 0x00000000d6e80000, 0x0000000100000000)
  eden space 22016K, 100% used [0x00000000d5580000,0x00000000d6b00000,0x00000000d6b00000)
  from space 1536K, 91% used [0x00000000d6c00000,0x00000000d6d5fc28,0x00000000d6d80000)
  to   space 1024K, 0% used [0x00000000d6d80000,0x00000000d6d80000,0x00000000d6e80000)
 ParOldGen       total 68608K, used 24128K [0x0000000080000000, 0x0000000084300000, 0x00000000d5580000)
  object space 68608K, 35% used [0x0000000080000000,0x0000000081790220,0x0000000084300000)
 Metaspace       used 46289K, committed 47680K, reserved 1114112K
  class space    used 5042K, committed 5632K, reserved 1048576K
}
Event: 22.595 GC heap after
{Heap after GC invocations=20 (full 2):
 PSYoungGen      total 22528K, used 1003K [0x00000000d5580000, 0x00000000d7100000, 0x0000000100000000)
  eden space 21504K, 0% used [0x00000000d5580000,0x00000000d5580000,0x00000000d6a80000)
  from space 1024K, 97% used [0x00000000d6d80000,0x00000000d6e7ac18,0x00000000d6e80000)
  to   space 3072K, 0% used [0x00000000d6a80000,0x00000000d6a80000,0x00000000d6d80000)
 ParOldGen       total 68608K, used 25947K [0x0000000080000000, 0x0000000084300000, 0x00000000d5580000)
  object space 68608K, 37% used [0x0000000080000000,0x0000000081956cf0,0x0000000084300000)
 Metaspace       used 46289K, committed 47680K, reserved 1114112K
  class space    used 5042K, committed 5632K, reserved 1048576K
}
Event: 24.178 GC heap before
{Heap before GC invocations=21 (full 2):
 PSYoungGen      total 22528K, used 22507K [0x00000000d5580000, 0x00000000d7100000, 0x0000000100000000)
  eden space 21504K, 100% used [0x00000000d5580000,0x00000000d6a80000,0x00000000d6a80000)
  from space 1024K, 97% used [0x00000000d6d80000,0x00000000d6e7ac18,0x00000000d6e80000)
  to   space 3072K, 0% used [0x00000000d6a80000,0x00000000d6a80000,0x00000000d6d80000)
 ParOldGen       total 68608K, used 25947K [0x0000000080000000, 0x0000000084300000, 0x00000000d5580000)
  object space 68608K, 37% used [0x0000000080000000,0x0000000081956cf0,0x0000000084300000)
 Metaspace       used 47862K, committed 49152K, reserved 1114112K
  class space    used 5213K, committed 5760K, reserved 1048576K
}
Event: 24.189 GC heap after
{Heap after GC invocations=21 (full 2):
 PSYoungGen      total 23552K, used 1809K [0x00000000d5580000, 0x00000000d6f80000, 0x0000000100000000)
  eden space 21504K, 0% used [0x00000000d5580000,0x00000000d5580000,0x00000000d6a80000)
  from space 2048K, 88% used [0x00000000d6a80000,0x00000000d6c446a0,0x00000000d6c80000)
  to   space 2560K, 0% used [0x00000000d6d00000,0x00000000d6d00000,0x00000000d6f80000)
 ParOldGen       total 68608K, used 26887K [0x0000000080000000, 0x0000000084300000, 0x00000000d5580000)
  object space 68608K, 39% used [0x0000000080000000,0x0000000081a41d00,0x0000000084300000)
 Metaspace       used 47862K, committed 49152K, reserved 1114112K
  class space    used 5213K, committed 5760K, reserved 1048576K
}
Event: 24.797 GC heap before
{Heap before GC invocations=22 (full 2):
 PSYoungGen      total 23552K, used 23313K [0x00000000d5580000, 0x00000000d6f80000, 0x0000000100000000)
  eden space 21504K, 100% used [0x00000000d5580000,0x00000000d6a80000,0x00000000d6a80000)
  from space 2048K, 88% used [0x00000000d6a80000,0x00000000d6c446a0,0x00000000d6c80000)
  to   space 2560K, 0% used [0x00000000d6d00000,0x00000000d6d00000,0x00000000d6f80000)
 ParOldGen       total 68608K, used 26887K [0x0000000080000000, 0x0000000084300000, 0x00000000d5580000)
  object space 68608K, 39% used [0x0000000080000000,0x0000000081a41d00,0x0000000084300000)
 Metaspace       used 47970K, committed 49280K, reserved 1114112K
  class space    used 5216K, committed 5760K, reserved 1048576K
}
Event: 24.801 GC heap after
{Heap after GC invocations=22 (full 2):
 PSYoungGen      total 24064K, used 2028K [0x00000000d5580000, 0x00000000d6f80000, 0x0000000100000000)
  eden space 21504K, 0% used [0x00000000d5580000,0x00000000d5580000,0x00000000d6a80000)
  from space 2560K, 79% used [0x00000000d6d00000,0x00000000d6efb008,0x00000000d6f80000)
  to   space 2560K, 0% used [0x00000000d6a80000,0x00000000d6a80000,0x00000000d6d00000)
 ParOldGen       total 68608K, used 28511K [0x0000000080000000, 0x0000000084300000, 0x00000000d5580000)
  object space 68608K, 41% used [0x0000000080000000,0x0000000081bd7db8,0x0000000084300000)
 Metaspace       used 47970K, committed 49280K, reserved 1114112K
  class space    used 5216K, committed 5760K, reserved 1048576K
}
Event: 25.223 GC heap before
{Heap before GC invocations=23 (full 2):
 PSYoungGen      total 24064K, used 23532K [0x00000000d5580000, 0x00000000d6f80000, 0x0000000100000000)
  eden space 21504K, 100% used [0x00000000d5580000,0x00000000d6a80000,0x00000000d6a80000)
  from space 2560K, 79% used [0x00000000d6d00000,0x00000000d6efb008,0x00000000d6f80000)
  to   space 2560K, 0% used [0x00000000d6a80000,0x00000000d6a80000,0x00000000d6d00000)
 ParOldGen       total 68608K, used 28511K [0x0000000080000000, 0x0000000084300000, 0x00000000d5580000)
  object space 68608K, 41% used [0x0000000080000000,0x0000000081bd7db8,0x0000000084300000)
 Metaspace       used 47987K, committed 49280K, reserved 1114112K
  class space    used 5216K, committed 5760K, reserved 1048576K
}
Event: 25.232 GC heap after
{Heap after GC invocations=23 (full 2):
 PSYoungGen      total 23552K, used 1984K [0x00000000d5580000, 0x00000000d6e80000, 0x0000000100000000)
  eden space 21504K, 0% used [0x00000000d5580000,0x00000000d5580000,0x00000000d6a80000)
  from space 2048K, 96% used [0x00000000d6a80000,0x00000000d6c70000,0x00000000d6c80000)
  to   space 2048K, 0% used [0x00000000d6c80000,0x00000000d6c80000,0x00000000d6e80000)
 ParOldGen       total 68608K, used 30379K [0x0000000080000000, 0x0000000084300000, 0x00000000d5580000)
  object space 68608K, 44% used [0x0000000080000000,0x0000000081daadc0,0x0000000084300000)
 Metaspace       used 47987K, committed 49280K, reserved 1114112K
  class space    used 5216K, committed 5760K, reserved 1048576K
}
Event: 26.044 GC heap before
{Heap before GC invocations=24 (full 2):
 PSYoungGen      total 23552K, used 23488K [0x00000000d5580000, 0x00000000d6e80000, 0x0000000100000000)
  eden space 21504K, 100% used [0x00000000d5580000,0x00000000d6a80000,0x00000000d6a80000)
  from space 2048K, 96% used [0x00000000d6a80000,0x00000000d6c70000,0x00000000d6c80000)
  to   space 2048K, 0% used [0x00000000d6c80000,0x00000000d6c80000,0x00000000d6e80000)
 ParOldGen       total 68608K, used 30379K [0x0000000080000000, 0x0000000084300000, 0x00000000d5580000)
  object space 68608K, 44% used [0x0000000080000000,0x0000000081daadc0,0x0000000084300000)
 Metaspace       used 47994K, committed 49344K, reserved 1114112K
  class space    used 5216K, committed 5760K, reserved 1048576K
}
Event: 26.052 GC heap after
{Heap after GC invocations=24 (full 2):
 PSYoungGen      total 23552K, used 1752K [0x00000000d5580000, 0x00000000d6e80000, 0x0000000100000000)
  eden space 21504K, 0% used [0x00000000d5580000,0x00000000d5580000,0x00000000d6a80000)
  from space 2048K, 85% used [0x00000000d6c80000,0x00000000d6e36008,0x00000000d6e80000)
  to   space 2048K, 0% used [0x00000000d6a80000,0x00000000d6a80000,0x00000000d6c80000)
 ParOldGen       total 68608K, used 32123K [0x0000000080000000, 0x0000000084300000, 0x00000000d5580000)
  object space 68608K, 46% used [0x0000000080000000,0x0000000081f5edc0,0x0000000084300000)
 Metaspace       used 47994K, committed 49344K, reserved 1114112K
  class space    used 5216K, committed 5760K, reserved 1048576K
}
Event: 26.943 GC heap before
{Heap before GC invocations=25 (full 2):
 PSYoungGen      total 23552K, used 23256K [0x00000000d5580000, 0x00000000d6e80000, 0x0000000100000000)
  eden space 21504K, 100% used [0x00000000d5580000,0x00000000d6a80000,0x00000000d6a80000)
  from space 2048K, 85% used [0x00000000d6c80000,0x00000000d6e36008,0x00000000d6e80000)
  to   space 2048K, 0% used [0x00000000d6a80000,0x00000000d6a80000,0x00000000d6c80000)
 ParOldGen       total 68608K, used 32123K [0x0000000080000000, 0x0000000084300000, 0x00000000d5580000)
  object space 68608K, 46% used [0x0000000080000000,0x0000000081f5edc0,0x0000000084300000)
 Metaspace       used 48208K, committed 49472K, reserved 1114112K
  class space    used 5238K, committed 5760K, reserved 1048576K
}
Event: 26.947 GC heap after
{Heap after GC invocations=25 (full 2):
 PSYoungGen      total 23552K, used 1792K [0x00000000d5580000, 0x00000000d6e80000, 0x0000000100000000)
  eden space 21504K, 0% used [0x00000000d5580000,0x00000000d5580000,0x00000000d6a80000)
  from space 2048K, 87% used [0x00000000d6a80000,0x00000000d6c40000,0x00000000d6c80000)
  to   space 2048K, 0% used [0x00000000d6c80000,0x00000000d6c80000,0x00000000d6e80000)
 ParOldGen       total 68608K, used 33742K [0x0000000080000000, 0x0000000084300000, 0x00000000d5580000)
  object space 68608K, 49% used [0x0000000080000000,0x00000000820f39d8,0x0000000084300000)
 Metaspace       used 48208K, committed 49472K, reserved 1114112K
  class space    used 5238K, committed 5760K, reserved 1048576K
}
Event: 27.797 GC heap before
{Heap before GC invocations=26 (full 2):
 PSYoungGen      total 23552K, used 23296K [0x00000000d5580000, 0x00000000d6e80000, 0x0000000100000000)
  eden space 21504K, 100% used [0x00000000d5580000,0x00000000d6a80000,0x00000000d6a80000)
  from space 2048K, 87% used [0x00000000d6a80000,0x00000000d6c40000,0x00000000d6c80000)
  to   space 2048K, 0% used [0x00000000d6c80000,0x00000000d6c80000,0x00000000d6e80000)
 ParOldGen       total 68608K, used 33742K [0x0000000080000000, 0x0000000084300000, 0x00000000d5580000)
  object space 68608K, 49% used [0x0000000080000000,0x00000000820f39d8,0x0000000084300000)
 Metaspace       used 48572K, committed 49856K, reserved 1114112K
  class space    used 5282K, committed 5824K, reserved 1048576K
}
Event: 27.803 GC heap after
{Heap after GC invocations=26 (full 2):
 PSYoungGen      total 23040K, used 2040K [0x00000000d5580000, 0x00000000d6f80000, 0x0000000100000000)
  eden space 20992K, 0% used [0x00000000d5580000,0x00000000d5580000,0x00000000d6a00000)
  from space 2048K, 99% used [0x00000000d6c80000,0x00000000d6e7e1a8,0x00000000d6e80000)
  to   space 2560K, 0% used [0x00000000d6a00000,0x00000000d6a00000,0x00000000d6c80000)
 ParOldGen       total 68608K, used 35366K [0x0000000080000000, 0x0000000084300000, 0x00000000d5580000)
  object space 68608K, 51% used [0x0000000080000000,0x00000000822899d8,0x0000000084300000)
 Metaspace       used 48572K, committed 49856K, reserved 1114112K
  class space    used 5282K, committed 5824K, reserved 1048576K
}
Event: 31.584 GC heap before
{Heap before GC invocations=27 (full 2):
 PSYoungGen      total 23040K, used 23032K [0x00000000d5580000, 0x00000000d6f80000, 0x0000000100000000)
  eden space 20992K, 100% used [0x00000000d5580000,0x00000000d6a00000,0x00000000d6a00000)
  from space 2048K, 99% used [0x00000000d6c80000,0x00000000d6e7e1a8,0x00000000d6e80000)
  to   space 2560K, 0% used [0x00000000d6a00000,0x00000000d6a00000,0x00000000d6c80000)
 ParOldGen       total 68608K, used 35366K [0x0000000080000000, 0x0000000084300000, 0x00000000d5580000)
  object space 68608K, 51% used [0x0000000080000000,0x00000000822899d8,0x0000000084300000)
 Metaspace       used 48605K, committed 49920K, reserved 1114112K
  class space    used 5282K, committed 5824K, reserved 1048576K
}
Event: 31.588 GC heap after
{Heap after GC invocations=27 (full 2):
 PSYoungGen      total 22016K, used 640K [0x00000000d5580000, 0x00000000d6d00000, 0x0000000100000000)
  eden space 20992K, 0% used [0x00000000d5580000,0x00000000d5580000,0x00000000d6a00000)
  from space 1024K, 62% used [0x00000000d6a00000,0x00000000d6aa0000,0x00000000d6b00000)
  to   space 1536K, 0% used [0x00000000d6b80000,0x00000000d6b80000,0x00000000d6d00000)
 ParOldGen       total 68608K, used 37248K [0x0000000080000000, 0x0000000084300000, 0x00000000d5580000)
  object space 68608K, 54% used [0x0000000080000000,0x0000000082460200,0x0000000084300000)
 Metaspace       used 48605K, committed 49920K, reserved 1114112K
  class space    used 5282K, committed 5824K, reserved 1048576K
}

Dll operation events (10 events):
Event: 0.029 Loaded shared library c:\Users\Ali\.vscode\extensions\redhat.java-1.55.0-win32-x64\jre\21.0.11-win32-x86_64\bin\java.dll
Event: 0.100 Loaded shared library c:\Users\Ali\.vscode\extensions\redhat.java-1.55.0-win32-x64\jre\21.0.11-win32-x86_64\bin\zip.dll
Event: 0.259 Loaded shared library C:\Users\Ali\.vscode\extensions\redhat.java-1.55.0-win32-x64\jre\21.0.11-win32-x86_64\bin\instrument.dll
Event: 0.276 Loaded shared library C:\Users\Ali\.vscode\extensions\redhat.java-1.55.0-win32-x64\jre\21.0.11-win32-x86_64\bin\net.dll
Event: 0.288 Loaded shared library C:\Users\Ali\.vscode\extensions\redhat.java-1.55.0-win32-x64\jre\21.0.11-win32-x86_64\bin\nio.dll
Event: 0.296 Loaded shared library C:\Users\Ali\.vscode\extensions\redhat.java-1.55.0-win32-x64\jre\21.0.11-win32-x86_64\bin\zip.dll
Event: 0.341 Loaded shared library C:\Users\Ali\.vscode\extensions\redhat.java-1.55.0-win32-x64\jre\21.0.11-win32-x86_64\bin\jimage.dll
Event: 0.541 Loaded shared library c:\Users\Ali\.vscode\extensions\redhat.java-1.55.0-win32-x64\jre\21.0.11-win32-x86_64\bin\verify.dll
Event: 4.253 Loaded shared library C:\Users\Ali\AppData\Roaming\Code\User\globalStorage\redhat.java\1.55.0\config_win\org.eclipse.equinox.launcher\org.eclipse.equinox.launcher.win32.win32.x86_64_1.3.100.v20260613-0559\eclipse_11924.dll
Event: 10.663 Loaded shared library C:\Users\Ali\AppData\Local\Temp\jna-65918\jna4642489701911167146.dll

Deoptimization events (20 events):
Event: 31.515 Thread 0x0000024df6b8cb30 DEOPT PACKING pc=0x0000024ddc43aca8 sp=0x000000c3ad3fed40
Event: 31.516 Thread 0x0000024df6b8cb30 DEOPT UNPACKING pc=0x0000024de2eb4242 sp=0x000000c3ad3fe2a8 mode 0
Event: 31.682 Thread 0x0000024df6b8cb30 DEOPT PACKING pc=0x0000024ddc65a50a sp=0x000000c3ad3fed10
Event: 31.682 Thread 0x0000024df6b8cb30 DEOPT UNPACKING pc=0x0000024de2eb4242 sp=0x000000c3ad3fe288 mode 0
Event: 31.722 Thread 0x0000024df6b8cb30 DEOPT PACKING pc=0x0000024ddc43aca8 sp=0x000000c3ad3fed40
Event: 31.722 Thread 0x0000024df6b8cb30 DEOPT UNPACKING pc=0x0000024de2eb4242 sp=0x000000c3ad3fe2a8 mode 0
Event: 32.359 Thread 0x0000024df6b8cb30 DEOPT PACKING pc=0x0000024ddc65a50a sp=0x000000c3ad3fed10
Event: 32.359 Thread 0x0000024df6b8cb30 DEOPT UNPACKING pc=0x0000024de2eb4242 sp=0x000000c3ad3fe288 mode 0
Event: 32.369 Thread 0x0000024df6b8cb30 DEOPT PACKING pc=0x0000024ddc43aa83 sp=0x000000c3ad3fed40
Event: 32.369 Thread 0x0000024df6b8cb30 DEOPT UNPACKING pc=0x0000024de2eb4242 sp=0x000000c3ad3fe2a8 mode 0
Event: 32.444 Thread 0x0000024df6b8cb30 Uncommon trap: trap_request=0xffffff45 fr.pc=0x0000024de377ed74 relative=0x0000000000001894
Event: 32.444 Thread 0x0000024df6b8cb30 Uncommon trap: reason=unstable_if action=reinterpret pc=0x0000024de377ed74 method=org.eclipse.jdt.internal.core.index.DiskIndex.writeStreamChars(Ljava/io/OutputStream;[C)V @ 100 c2
Event: 32.444 Thread 0x0000024df6b8cb30 DEOPT PACKING pc=0x0000024de377ed74 sp=0x000000c3ad3fef80
Event: 32.444 Thread 0x0000024df6b8cb30 DEOPT UNPACKING pc=0x0000024de2eb3aa2 sp=0x000000c3ad3feeb0 mode 2
Event: 32.524 Thread 0x0000024df6b8cb30 Uncommon trap: trap_request=0xffffff45 fr.pc=0x0000024de3757cf4 relative=0x0000000000000694
Event: 32.524 Thread 0x0000024df6b8cb30 Uncommon trap: reason=unstable_if action=reinterpret pc=0x0000024de3757cf4 method=org.eclipse.jdt.internal.core.index.DiskIndex.writeStreamChars(Ljava/io/OutputStream;[C)V @ 100 c2
Event: 32.524 Thread 0x0000024df6b8cb30 DEOPT PACKING pc=0x0000024de3757cf4 sp=0x000000c3ad3fef20
Event: 32.524 Thread 0x0000024df6b8cb30 DEOPT UNPACKING pc=0x0000024de2eb3aa2 sp=0x000000c3ad3feea8 mode 2
Event: 32.882 Thread 0x0000024df6b8cb30 DEOPT PACKING pc=0x0000024ddc68e1ce sp=0x000000c3ad3fef40
Event: 32.882 Thread 0x0000024df6b8cb30 DEOPT UNPACKING pc=0x0000024de2eb4242 sp=0x000000c3ad3fe440 mode 0

Classes loaded (20 events):
Event: 24.141 Loading class java/nio/file/Files$3
Event: 24.141 Loading class java/nio/file/Files$3 done
Event: 24.144 Loading class sun/nio/fs/Globs
Event: 24.191 Loading class sun/nio/fs/Globs done
Event: 24.197 Loading class java/util/regex/Pattern$SliceU
Event: 24.197 Loading class java/util/regex/Pattern$SliceU done
Event: 24.198 Loading class sun/nio/fs/WindowsFileSystem$2
Event: 24.198 Loading class java/nio/file/PathMatcher
Event: 24.198 Loading class java/nio/file/PathMatcher done
Event: 24.198 Loading class sun/nio/fs/WindowsFileSystem$2 done
Event: 24.200 Loading class java/nio/file/FileVisitResult
Event: 24.200 Loading class java/nio/file/FileVisitResult done
Event: 26.361 Loading class java/util/regex/PatternSyntaxException
Event: 26.362 Loading class java/util/regex/PatternSyntaxException done
Event: 27.610 Loading class java/util/Collections$SynchronizedRandomAccessList
Event: 27.610 Loading class java/util/Collections$SynchronizedList
Event: 27.610 Loading class java/util/Collections$SynchronizedList done
Event: 27.610 Loading class java/util/Collections$SynchronizedRandomAccessList done
Event: 27.686 Loading class java/util/concurrent/CompletableFuture$Signaller
Event: 27.686 Loading class java/util/concurrent/CompletableFuture$Signaller done

Classes unloaded (7 events):
Event: 12.393 Thread 0x0000024dd8738b10 Unloading class 0x0000024d811a8800 'java/lang/invoke/LambdaForm$MH+0x0000024d811a8800'
Event: 12.393 Thread 0x0000024dd8738b10 Unloading class 0x0000024d811a8400 'java/lang/invoke/LambdaForm$MH+0x0000024d811a8400'
Event: 12.393 Thread 0x0000024dd8738b10 Unloading class 0x0000024d811a8000 'java/lang/invoke/LambdaForm$MH+0x0000024d811a8000'
Event: 12.393 Thread 0x0000024dd8738b10 Unloading class 0x0000024d811a7c00 'java/lang/invoke/LambdaForm$MH+0x0000024d811a7c00'
Event: 12.393 Thread 0x0000024dd8738b10 Unloading class 0x0000024d811a7800 'java/lang/invoke/LambdaForm$BMH+0x0000024d811a7800'
Event: 12.393 Thread 0x0000024dd8738b10 Unloading class 0x0000024d811a7400 'java/lang/invoke/LambdaForm$DMH+0x0000024d811a7400'
Event: 12.393 Thread 0x0000024dd8738b10 Unloading class 0x0000024d811a6400 'java/lang/invoke/LambdaForm$DMH+0x0000024d811a6400'

Classes redefined (0 events):
No events

Internal exceptions (20 events):
Event: 27.518 Thread 0x0000024df75c09b0 Exception <a 'sun/nio/fs/WindowsException'{0x00000000d64e0238}> (0x00000000d64e0238) 
thrown [s\src\hotspot\share\prims\jni.cpp, line 520]
Event: 27.529 Thread 0x0000024df75c09b0 Exception <a 'sun/nio/fs/WindowsException'{0x00000000d6641398}> (0x00000000d6641398) 
thrown [s\src\hotspot\share\prims\jni.cpp, line 520]
Event: 27.530 Thread 0x0000024df75c09b0 Exception <a 'sun/nio/fs/WindowsException'{0x00000000d66419d8}> (0x00000000d66419d8) 
thrown [s\src\hotspot\share\prims\jni.cpp, line 520]
Event: 27.534 Thread 0x0000024df75c09b0 Exception <a 'sun/nio/fs/WindowsException'{0x00000000d66429c8}> (0x00000000d66429c8) 
thrown [s\src\hotspot\share\prims\jni.cpp, line 520]
Event: 27.534 Thread 0x0000024df75c09b0 Exception <a 'sun/nio/fs/WindowsException'{0x00000000d6642ff8}> (0x00000000d6642ff8) 
thrown [s\src\hotspot\share\prims\jni.cpp, line 520]
Event: 27.535 Thread 0x0000024df75c09b0 Exception <a 'sun/nio/fs/WindowsException'{0x00000000d6643dd8}> (0x00000000d6643dd8) 
thrown [s\src\hotspot\share\prims\jni.cpp, line 520]
Event: 27.535 Thread 0x0000024df75c09b0 Exception <a 'sun/nio/fs/WindowsException'{0x00000000d6644408}> (0x00000000d6644408) 
thrown [s\src\hotspot\share\prims\jni.cpp, line 520]
Event: 27.648 Thread 0x0000024df75c09b0 Exception <a 'java/lang/IncompatibleClassChangeError'{0x00000000d6797828}: Found class java.lang.Object, but interface was expected> (0x00000000d6797828) 
thrown [s\src\hotspot\share\interpreter\linkResolver.cpp, line 840]
Event: 28.781 Thread 0x0000024df6b8cb30 Exception <a 'sun/nio/fs/WindowsException'{0x00000000d5d83998}> (0x00000000d5d83998) 
thrown [s\src\hotspot\share\prims\jni.cpp, line 520]
Event: 29.461 Thread 0x0000024df6b8cb30 Exception <a 'sun/nio/fs/WindowsException'{0x00000000d5dbec40}> (0x00000000d5dbec40) 
thrown [s\src\hotspot\share\prims\jni.cpp, line 520]
Event: 29.599 Thread 0x0000024df6b8cb30 Exception <a 'sun/nio/fs/WindowsException'{0x00000000d5dce9b0}> (0x00000000d5dce9b0) 
thrown [s\src\hotspot\share\prims\jni.cpp, line 520]
Event: 29.847 Thread 0x0000024df6b8cb30 Exception <a 'sun/nio/fs/WindowsException'{0x00000000d5eea048}> (0x00000000d5eea048) 
thrown [s\src\hotspot\share\prims\jni.cpp, line 520]
Event: 29.965 Thread 0x0000024df6b8cb30 Exception <a 'sun/nio/fs/WindowsException'{0x00000000d5fbcac8}> (0x00000000d5fbcac8) 
thrown [s\src\hotspot\share\prims\jni.cpp, line 520]
Event: 30.430 Thread 0x0000024df6b8cb30 Exception <a 'sun/nio/fs/WindowsException'{0x00000000d66fdac8}> (0x00000000d66fdac8) 
thrown [s\src\hotspot\share\prims\jni.cpp, line 520]
Event: 31.088 Thread 0x0000024df6b8cb30 Exception <a 'sun/nio/fs/WindowsException'{0x00000000d69069a0}> (0x00000000d69069a0) 
thrown [s\src\hotspot\share\prims\jni.cpp, line 520]
Event: 31.319 Thread 0x0000024df6b8cb30 Exception <a 'sun/nio/fs/WindowsException'{0x00000000d693ebc0}> (0x00000000d693ebc0) 
thrown [s\src\hotspot\share\prims\jni.cpp, line 520]
Event: 31.611 Thread 0x0000024df6b8cb30 Exception <a 'sun/nio/fs/WindowsException'{0x00000000d5581480}> (0x00000000d5581480) 
thrown [s\src\hotspot\share\prims\jni.cpp, line 520]
Event: 31.981 Thread 0x0000024df6b8cb30 Exception <a 'sun/nio/fs/WindowsException'{0x00000000d58ef838}> (0x00000000d58ef838) 
thrown [s\src\hotspot\share\prims\jni.cpp, line 520]
Event: 32.174 Thread 0x0000024df6b8cb30 Exception <a 'sun/nio/fs/WindowsException'{0x00000000d59e62e0}> (0x00000000d59e62e0) 
thrown [s\src\hotspot\share\prims\jni.cpp, line 520]
Event: 32.651 Thread 0x0000024df6b8cb30 Exception <a 'sun/nio/fs/WindowsException'{0x00000000d5ba9ba8}> (0x00000000d5ba9ba8) 
thrown [s\src\hotspot\share\prims\jni.cpp, line 520]

ZGC Phase Switch (0 events):
No events

VM Operations (20 events):
Event: 25.222 Executing safepoint VM operation: ParallelGCFailedAllocation (Allocation Failure)
Event: 25.232 Executing safepoint VM operation: ParallelGCFailedAllocation (Allocation Failure) done
Event: 26.044 Executing safepoint VM operation: ParallelGCFailedAllocation (Allocation Failure)
Event: 26.052 Executing safepoint VM operation: ParallelGCFailedAllocation (Allocation Failure) done
Event: 26.335 Executing non-safepoint VM operation: HandshakeAllThreads (Deoptimize)
Event: 26.340 Executing non-safepoint VM operation: HandshakeAllThreads (Deoptimize) done
Event: 26.942 Executing safepoint VM operation: ParallelGCFailedAllocation (Allocation Failure)
Event: 26.948 Executing safepoint VM operation: ParallelGCFailedAllocation (Allocation Failure) done
Event: 27.522 Executing non-safepoint VM operation: HandshakeAllThreads (Deoptimize)
Event: 27.547 Executing non-safepoint VM operation: HandshakeAllThreads (Deoptimize) done
Event: 27.564 Executing non-safepoint VM operation: HandshakeAllThreads (Deoptimize)
Event: 27.590 Executing non-safepoint VM operation: HandshakeAllThreads (Deoptimize) done
Event: 27.797 Executing safepoint VM operation: ParallelGCFailedAllocation (Allocation Failure)
Event: 27.803 Executing safepoint VM operation: ParallelGCFailedAllocation (Allocation Failure) done
Event: 29.819 Executing safepoint VM operation: Cleanup
Event: 29.820 Executing safepoint VM operation: Cleanup done
Event: 30.834 Executing safepoint VM operation: Cleanup
Event: 30.834 Executing safepoint VM operation: Cleanup done
Event: 31.584 Executing safepoint VM operation: ParallelGCFailedAllocation (Allocation Failure)
Event: 31.588 Executing safepoint VM operation: ParallelGCFailedAllocation (Allocation Failure) done

Memory protections (0 events):
No events

Nmethod flushes (20 events):
Event: 17.872 Thread 0x0000024dd8738b10 flushing  nmethod 0x0000024ddbf81810
Event: 17.872 Thread 0x0000024dd8738b10 flushing  nmethod 0x0000024ddbf82010
Event: 17.872 Thread 0x0000024dd8738b10 flushing  nmethod 0x0000024ddbf82790
Event: 17.872 Thread 0x0000024dd8738b10 flushing  nmethod 0x0000024ddbf83d10
Event: 17.872 Thread 0x0000024dd8738b10 flushing  nmethod 0x0000024ddbf84210
Event: 17.872 Thread 0x0000024dd8738b10 flushing  nmethod 0x0000024ddbf84710
Event: 17.872 Thread 0x0000024dd8738b10 flushing  nmethod 0x0000024ddbf84b10
Event: 17.872 Thread 0x0000024dd8738b10 flushing  nmethod 0x0000024ddbf84f90
Event: 17.872 Thread 0x0000024dd8738b10 flushing  nmethod 0x0000024ddbf85b10
Event: 17.872 Thread 0x0000024dd8738b10 flushing  nmethod 0x0000024ddbf87590
Event: 17.872 Thread 0x0000024dd8738b10 flushing  nmethod 0x0000024ddbf92410
Event: 17.872 Thread 0x0000024dd8738b10 flushing  nmethod 0x0000024ddbfaa990
Event: 17.872 Thread 0x0000024dd8738b10 flushing  nmethod 0x0000024ddbfc4090
Event: 17.872 Thread 0x0000024dd8738b10 flushing  nmethod 0x0000024ddbfc6790
Event: 17.872 Thread 0x0000024dd8738b10 flushing  nmethod 0x0000024ddbfcab90
Event: 17.872 Thread 0x0000024dd8738b10 flushing  nmethod 0x0000024ddc023210
Event: 17.872 Thread 0x0000024dd8738b10 flushing  nmethod 0x0000024ddc026210
Event: 17.872 Thread 0x0000024dd8738b10 flushing  nmethod 0x0000024ddc047510
Event: 17.872 Thread 0x0000024dd8738b10 flushing  nmethod 0x0000024ddc095b10
Event: 17.872 Thread 0x0000024dd8738b10 flushing  nmethod 0x0000024ddc095f90

Events (20 events):
Event: 17.552 Thread 0x0000024df6b8c4a0 Thread added: 0x0000024df6b8d1c0
Event: 17.941 Thread 0x0000024df6b8d1c0 Thread added: 0x0000024df6b8be10
Event: 18.235 Thread 0x0000024dd869a4d0 Thread added: 0x0000024df6b8a3d0
Event: 18.236 Thread 0x0000024dd869a4d0 Thread added: 0x0000024df6b8aa60
Event: 18.237 Thread 0x0000024dd869a4d0 Thread added: 0x0000024df6b8b0f0
Event: 18.237 Thread 0x0000024dd869a4d0 Thread added: 0x0000024df75c3e30
Event: 18.238 Thread 0x0000024dd869a4d0 Thread added: 0x0000024df75c0320
Event: 18.238 Thread 0x0000024dd869a4d0 Thread added: 0x0000024df75bef70
Event: 18.239 Thread 0x0000024dd869a4d0 Thread added: 0x0000024df75c37a0
Event: 18.239 Thread 0x0000024dd869a4d0 Thread added: 0x0000024df75bdbc0
Event: 18.240 Thread 0x0000024dd869a4d0 Thread added: 0x0000024df75bf600
Event: 18.442 Thread 0x0000024dd869a4d0 Thread added: 0x0000024df75c23f0
Event: 19.883 Thread 0x0000024dd869a4d0 Thread added: 0x0000024df75bfc90
Event: 19.884 Thread 0x0000024dd869a4d0 Thread added: 0x0000024df75c09b0
Event: 23.952 Thread 0x0000024df6b8b780 Thread added: 0x0000024df75c16d0
Event: 26.918 Thread 0x0000024df75c16d0 Thread exited: 0x0000024df75c16d0
Event: 29.530 Thread 0x0000024df6c6af40 Thread exited: 0x0000024df6c6af40
Event: 29.834 Thread 0x0000024def7bc660 Thread added: 0x0000024df87ac370
Event: 31.202 Thread 0x0000024df87ac370 Thread exited: 0x0000024df87ac370
Event: 32.065 Thread 0x0000024df1168120 Thread added: 0x0000024df87ac370


Dynamic libraries:
0x00007ff728400000 - 0x00007ff72840e000 	c:\Users\Ali\.vscode\extensions\redhat.java-1.55.0-win32-x64\jre\21.0.11-win32-x86_64\bin\java.exe
0x00007ffea7ef0000 - 0x00007ffea80e8000 	C:\WINDOWS\SYSTEM32\ntdll.dll
0x00007ffea7310000 - 0x00007ffea73d2000 	C:\WINDOWS\System32\KERNEL32.DLL
0x00007ffea5ca0000 - 0x00007ffea5f96000 	C:\WINDOWS\System32\KERNELBASE.dll
0x00007ffea5a00000 - 0x00007ffea5b00000 	C:\WINDOWS\System32\ucrtbase.dll
0x00007ffe5eca0000 - 0x00007ffe5ecbe000 	c:\Users\Ali\.vscode\extensions\redhat.java-1.55.0-win32-x64\jre\21.0.11-win32-x86_64\bin\VCRUNTIME140.dll
0x00007ffe5ecc0000 - 0x00007ffe5ecd8000 	c:\Users\Ali\.vscode\extensions\redhat.java-1.55.0-win32-x64\jre\21.0.11-win32-x86_64\bin\jli.dll
0x00007ffea70c0000 - 0x00007ffea7261000 	C:\WINDOWS\System32\USER32.dll
0x00007ffea59d0000 - 0x00007ffea59f2000 	C:\WINDOWS\System32\win32u.dll
0x00007ffea6360000 - 0x00007ffea638b000 	C:\WINDOWS\System32\GDI32.dll
0x00007ffe8e7e0000 - 0x00007ffe8ea7b000 	C:\WINDOWS\WinSxS\amd64_microsoft.windows.common-controls_6595b64144ccf1df_6.0.19041.6456_none_60b8a6cb71f64256\COMCTL32.dll
0x00007ffea5b00000 - 0x00007ffea5c19000 	C:\WINDOWS\System32\gdi32full.dll
0x00007ffea7270000 - 0x00007ffea730e000 	C:\WINDOWS\System32\msvcrt.dll
0x00007ffea5930000 - 0x00007ffea59cd000 	C:\WINDOWS\System32\msvcp_win.dll
0x00007ffea6da0000 - 0x00007ffea6dcf000 	C:\WINDOWS\System32\IMM32.DLL
0x00000000643f0000 - 0x00000000643fd000 	C:\Program Files (x86)\360\Total Security\safemon\SafeWrapper.dll
0x00007ffea6fa0000 - 0x00007ffea7051000 	C:\WINDOWS\System32\ADVAPI32.dll
0x00007ffea73e0000 - 0x00007ffea747f000 	C:\WINDOWS\System32\sechost.dll
0x00007ffea6c00000 - 0x00007ffea6d20000 	C:\WINDOWS\System32\RPCRT4.dll
0x00007ffea5c20000 - 0x00007ffea5c47000 	C:\WINDOWS\System32\bcrypt.dll
0x00007ffea3ca0000 - 0x00007ffea3da5000 	C:\Program Files (x86)\360\Total Security\safemon\libzdtp64.dll
0x00007ffea6410000 - 0x00007ffea6b80000 	C:\WINDOWS\System32\SHELL32.dll
0x00007ffea7060000 - 0x00007ffea70bb000 	C:\WINDOWS\System32\SHLWAPI.dll
0x00007ffea5170000 - 0x00007ffea517a000 	C:\WINDOWS\SYSTEM32\VERSION.dll
0x00007ffe75e90000 - 0x00007ffe75e9c000 	c:\Users\Ali\.vscode\extensions\redhat.java-1.55.0-win32-x64\jre\21.0.11-win32-x86_64\bin\vcruntime140_1.dll
0x00007ffe08460000 - 0x00007ffe084ed000 	c:\Users\Ali\.vscode\extensions\redhat.java-1.55.0-win32-x64\jre\21.0.11-win32-x86_64\bin\msvcp140.dll
0x00007ffdc9e30000 - 0x00007ffdcabd2000 	c:\Users\Ali\.vscode\extensions\redhat.java-1.55.0-win32-x64\jre\21.0.11-win32-x86_64\bin\server\jvm.dll
0x00007ffea6b90000 - 0x00007ffea6bfb000 	C:\WINDOWS\System32\WS2_32.dll
0x00007ffea4ae0000 - 0x00007ffea4b2b000 	C:\WINDOWS\SYSTEM32\POWRPROF.dll
0x00007ffe92880000 - 0x00007ffe928a7000 	C:\WINDOWS\SYSTEM32\WINMM.dll
0x00007ffea49a0000 - 0x00007ffea49b2000 	C:\WINDOWS\SYSTEM32\UMPDC.dll
0x00007ffea3c80000 - 0x00007ffea3c92000 	C:\WINDOWS\SYSTEM32\kernel.appcore.dll
0x00007ffe65300000 - 0x00007ffe6530a000 	c:\Users\Ali\.vscode\extensions\redhat.java-1.55.0-win32-x64\jre\21.0.11-win32-x86_64\bin\jimage.dll
0x00007ffe9fc90000 - 0x00007ffe9fe91000 	C:\WINDOWS\SYSTEM32\DBGHELP.DLL
0x00007ffe8e260000 - 0x00007ffe8e294000 	C:\WINDOWS\SYSTEM32\dbgcore.DLL
0x00007ffea5610000 - 0x00007ffea5692000 	C:\WINDOWS\System32\bcryptPrimitives.dll
0x00007ffe627a0000 - 0x00007ffe627af000 	c:\Users\Ali\.vscode\extensions\redhat.java-1.55.0-win32-x64\jre\21.0.11-win32-x86_64\bin\instrument.dll
0x00007ffe89ae0000 - 0x00007ffe89b00000 	c:\Users\Ali\.vscode\extensions\redhat.java-1.55.0-win32-x64\jre\21.0.11-win32-x86_64\bin\java.dll
0x00007ffea34d0000 - 0x00007ffea3c75000 	C:\WINDOWS\SYSTEM32\windows.storage.dll
0x00007ffea6000000 - 0x00007ffea6354000 	C:\WINDOWS\System32\combase.dll
0x00007ffea4fd0000 - 0x00007ffea4ffb000 	C:\WINDOWS\SYSTEM32\Wldp.dll
0x00007ffea7660000 - 0x00007ffea772d000 	C:\WINDOWS\System32\OLEAUT32.dll
0x00007ffea6ef0000 - 0x00007ffea6f9d000 	C:\WINDOWS\System32\SHCORE.dll
0x00007ffea5540000 - 0x00007ffea5564000 	C:\WINDOWS\SYSTEM32\profapi.dll
0x00007ffe5cb00000 - 0x00007ffe5cb18000 	c:\Users\Ali\.vscode\extensions\redhat.java-1.55.0-win32-x64\jre\21.0.11-win32-x86_64\bin\zip.dll
0x00007ffe5fc50000 - 0x00007ffe5fc60000 	C:\Users\Ali\.vscode\extensions\redhat.java-1.55.0-win32-x64\jre\21.0.11-win32-x86_64\bin\net.dll
0x00007ffe99a50000 - 0x00007ffe99b5a000 	C:\WINDOWS\SYSTEM32\WINHTTP.dll
0x00007ffea4d30000 - 0x00007ffea4d9a000 	C:\WINDOWS\system32\mswsock.dll
0x00007ffe543b0000 - 0x00007ffe543c6000 	C:\Users\Ali\.vscode\extensions\redhat.java-1.55.0-win32-x64\jre\21.0.11-win32-x86_64\bin\nio.dll
0x00007ffe5fc40000 - 0x00007ffe5fc50000 	c:\Users\Ali\.vscode\extensions\redhat.java-1.55.0-win32-x64\jre\21.0.11-win32-x86_64\bin\verify.dll
0x00007ffdad1c0000 - 0x00007ffdad205000 	C:\Users\Ali\AppData\Roaming\Code\User\globalStorage\redhat.java\1.55.0\config_win\org.eclipse.equinox.launcher\org.eclipse.equinox.launcher.win32.win32.x86_64_1.3.100.v20260613-0559\eclipse_11924.dll
0x00007ffea7480000 - 0x00007ffea75ab000 	C:\WINDOWS\System32\ole32.dll
0x00007ffea4f30000 - 0x00007ffea4f48000 	C:\WINDOWS\SYSTEM32\CRYPTSP.dll
0x00007ffea45e0000 - 0x00007ffea4618000 	C:\WINDOWS\system32\rsaenh.dll
0x00007ffea5500000 - 0x00007ffea552e000 	C:\WINDOWS\SYSTEM32\USERENV.dll
0x00007ffea4f20000 - 0x00007ffea4f2c000 	C:\WINDOWS\SYSTEM32\CRYPTBASE.dll
0x00007ffea49c0000 - 0x00007ffea49fb000 	C:\WINDOWS\SYSTEM32\IPHLPAPI.DLL
0x00007ffea6b80000 - 0x00007ffea6b88000 	C:\WINDOWS\System32\NSI.dll
0x00007ffdac3f0000 - 0x00007ffdac439000 	C:\Users\Ali\AppData\Local\Temp\jna-65918\jna4642489701911167146.dll
0x00007ffea7730000 - 0x00007ffea7738000 	C:\WINDOWS\System32\PSAPI.DLL
0x00007ffe9ad50000 - 0x00007ffe9ad67000 	C:\WINDOWS\SYSTEM32\dhcpcsvc6.DLL
0x00007ffe9aca0000 - 0x00007ffe9acbd000 	C:\WINDOWS\SYSTEM32\dhcpcsvc.DLL

JVMTI agents:
c:\Users\Ali\.vscode\extensions\redhat.java-1.55.0-win32-x64\lombok\lombok-1.18.39-4050.jar path:c:\Users\Ali\.vscode\extensions\redhat.java-1.55.0-win32-x64\jre\21.0.11-win32-x86_64\bin\instrument.dll, loaded, initialized, instrumentlib options:none

dbghelp: loaded successfully - version: 4.0.5 - missing functions: none
symbol engine: initialized successfully - sym options: 0x614 - pdb path: .;c:\Users\Ali\.vscode\extensions\redhat.java-1.55.0-win32-x64\jre\21.0.11-win32-x86_64\bin;C:\WINDOWS\SYSTEM32;C:\WINDOWS\WinSxS\amd64_microsoft.windows.common-controls_6595b64144ccf1df_6.0.19041.6456_none_60b8a6cb71f64256;C:\Program Files (x86)\360\Total Security\safemon;c:\Users\Ali\.vscode\extensions\redhat.java-1.55.0-win32-x64\jre\21.0.11-win32-x86_64\bin\server;C:\Users\Ali\AppData\Roaming\Code\User\globalStorage\redhat.java\1.55.0\config_win\org.eclipse.equinox.launcher\org.eclipse.equinox.launcher.win32.win32.x86_64_1.3.100.v20260613-0559;C:\Users\Ali\AppData\Local\Temp\jna-65918

VM Arguments:
jvm_args: --add-modules=ALL-SYSTEM --add-opens=java.base/java.util=ALL-UNNAMED --add-opens=java.base/java.lang=ALL-UNNAMED --add-opens=java.base/sun.nio.fs=ALL-UNNAMED -Declipse.application=org.eclipse.jdt.ls.core.id1 -Dosgi.bundles.defaultStartLevel=4 -Declipse.product=org.eclipse.jdt.ls.core.product -Djava.import.generatesMetadataFilesAtProjectRoot=false -DDetectVMInstallationsJob.disabled=true -Dfile.encoding=utf8 -XX:+UseParallelGC -XX:GCTimeRatio=4 -XX:AdaptiveSizePolicyWeight=90 -Dsun.zip.disableMemoryMapping=true -Xmx2G -Xms100m -Xlog:disable -javaagent:c:\Users\Ali\.vscode\extensions\redhat.java-1.55.0-win32-x64\lombok\lombok-1.18.39-4050.jar -XX:+HeapDumpOnOutOfMemoryError -XX:HeapDumpPath=c:\Users\Ali\AppData\Roaming\Code\User\workspaceStorage\172a0b7ef7983f14f7374d10f53ee837\redhat.java -Daether.dependencyCollector.impl=bf 
java_command: c:\Users\Ali\.vscode\extensions\redhat.java-1.55.0-win32-x64\server\plugins\org.eclipse.equinox.launcher_1.7.200.v20260619-2039.jar -configuration c:\Users\Ali\AppData\Roaming\Code\User\globalStorage\redhat.java\1.55.0\config_win -data c:\Users\Ali\AppData\Roaming\Code\User\workspaceStorage\172a0b7ef7983f14f7374d10f53ee837\redhat.java\jdt_ws --pipe=\\.\pipe\lsp-8132b59b6d795d31afd047c5391e901f-sock
java_class_path (initial): c:\Users\Ali\.vscode\extensions\redhat.java-1.55.0-win32-x64\server\plugins\org.eclipse.equinox.launcher_1.7.200.v20260619-2039.jar
Launcher Type: SUN_STANDARD

[Global flags]
     bool UseCompressedOops                        = true                           {product lp64_product} {ergonomic}
     bool UseLargePagesIndividualAllocation        = false                                  {pd product} {ergonomic}
     bool HeapDumpOnOutOfMemoryError               = true                                   {manageable} {command line}
    ccstr HeapDumpPath                             = c:\Users\Ali\AppData\Roaming\Code\User\workspaceStorage\172a0b7ef7983f14f7374d10f53ee837\redhat.java         {manageable} {command line}
     intx CICompilerCount                          = 4                                         {product} {ergonomic}
   size_t MinHeapDeltaBytes                        = 524288                                    {product} {ergonomic}
     bool SegmentedCodeCache                       = true                                      {product} {ergonomic}
    uintx ReservedCodeCacheSize                    = 251658240                              {pd product} {ergonomic}
    uintx NonProfiledCodeHeapSize                  = 122909434                              {pd product} {ergonomic}
    uintx ProfiledCodeHeapSize                     = 122909434                              {pd product} {ergonomic}
    uintx NonNMethodCodeHeapSize                   = 5839372                                {pd product} {ergonomic}
     bool UseParallelGC                            = true                                      {product} {command line}
    uintx AdaptiveSizePolicyWeight                 = 90                                        {product} {command line}
    uintx GCTimeRatio                              = 4                                         {product} {command line}
   size_t MinHeapSize                              = 104857600                                 {product} {command line}
   size_t InitialHeapSize                          = 104857600                                 {product} {command line}
   size_t MaxHeapSize                              = 2147483648                                {product} {command line}
   size_t SoftMaxHeapSize                          = 2147483648                             {manageable} {ergonomic}
   size_t OldSize                                  = 70254592                                  {product} {ergonomic}
   size_t NewSize                                  = 34603008                                  {product} {ergonomic}
   size_t MaxNewSize                               = 715653120                                 {product} {ergonomic}

Logging:
Log output configuration:
 #0: stdout all=off uptime,level,tags foldmultilines=false
 #1: stderr all=off uptime,level,tags foldmultilines=false

Release file:
JAVA_VERSION="21.0.11" 
MODULES="java.base java.compiler java.datatransfer java.xml java.prefs java.desktop java.instrument java.logging java.management java.security.sasl java.naming java.rmi java.management.rmi java.net.http java.scripting java.security.jgss java.transaction.xa java.sql java.sql.rowset java.xml.crypto java.se java.smartcardio jdk.accessibility jdk.internal.jvmstat jdk.attach jdk.charsets jdk.internal.opt jdk.zipfs jdk.compiler jdk.crypto.ec jdk.crypto.cryptoki jdk.crypto.mscapi jdk.dynalink jdk.internal.ed jdk.editpad jdk.hotspot.agent jdk.httpserver jdk.internal.le jdk.internal.vm.ci jdk.internal.vm.compiler jdk.internal.vm.compiler.management jdk.jartool jdk.javadoc jdk.jcmd jdk.management jdk.management.agent jdk.jconsole jdk.jdeps jdk.jdwp.agent jdk.jdi jdk.jfr jdk.jshell jdk.jsobject jdk.jstatd jdk.localedata jdk.management.jfr jdk.naming.dns jdk.naming.rmi jdk.net jdk.nio.mapmode jdk.random jdk.sctp jdk.security.auth jdk.security.jgss jdk.unsupported jdk.unsupported.desktop jdk.xml.dom" 

Environment Variables:
PATH=C:\Program Files\Common Files\Oracle\Java\javapath;C:\WINDOWS\system32;C:\WINDOWS;C:\WINDOWS\System32\Wbem;C:\WINDOWS\System32\WindowsPowerShell\v1.0\;C:\Program Files\Git\cmd;C:\Program Files\nodejs\;C:\WINDOWS\System32\OpenSSH\;C:\Users\Ali\Downloads\apache-maven-3.9.16\bin;C:\Program Files\cursor\resources\app\bin;c:\Users\Ali\AppData\Local\Programs\cursor\resources\app\codeBin;;C:\Users\Ali\AppData\Local\Programs\Microsoft VS Code\bin;C:\Users\Ali\AppData\Roaming\npm;C:\Program Files\JetBrains\IntelliJ IDEA 2026.1.1\bin;C:\Users\Ali\AppData\Local\Microsoft\WindowsApps;C:\Users\Ali\AppData\Local\Programs\Antigravity\bin;C:\Users\Ali\AppData\Local\Programs\cursor\resources\app\bin;C:\Users\Ali\AppData\Local\PowerToys\DSCModules\
USERNAME=Ali
OS=Windows_NT
PROCESSOR_IDENTIFIER=Intel64 Family 6 Model 94 Stepping 3, GenuineIntel
TMP=C:\Users\Ali\AppData\Local\Temp
TEMP=C:\Users\Ali\AppData\Local\Temp




Periodic native trim disabled

---------------  S Y S T E M  ---------------

OS:
 Windows 10 , 64 bit Build 19041 (10.0.19041.5915)
OS uptime: 0 days 2:02 hours

CPU: total 8 (initial active 8) (4 cores per cpu, 2 threads per core) family 6 model 94 stepping 3 microcode 0xf0, cx8, cmov, fxsr, ht, mmx, 3dnowpref, sse, sse2, sse3, ssse3, sse4.1, sse4.2, popcnt, lzcnt, tsc, tscinvbit, avx, avx2, aes, erms, clmul, bmi1, bmi2, rtm, adx, fma, vzeroupper, clflush, clflushopt, rdtscp, f16c
Processor Information for the first 8 processors :
  Max Mhz: 2592, Current Mhz: 2592, Mhz Limit: 2592

Memory: 4k page, system-wide physical 8071M (470M free)
TotalPageFile size 23548M (AvailPageFile size 0M)
current process WorkingSet (physical memory assigned to process): 232M, peak: 254M
current process commit charge ("private bytes"): 337M, peak: 362M

vm_info: OpenJDK 64-Bit Server VM (21.0.11+10-LTS) for windows-amd64 JRE (21.0.11+10-LTS), built on 2026-04-21T00:00:00Z by "admin" with MS VC++ 17.12 (VS2022)

END.
