#
# There is insufficient memory for the Java Runtime Environment to continue.
# Native memory allocation (malloc) failed to allocate 1048576 bytes. Error detail: AllocateHeap
# Possible reasons:
#   The system is out of physical RAM or swap space
#   This process is running with CompressedOops enabled, and the Java Heap may be blocking the growth of the native heap
# Possible solutions:
#   Reduce memory load on the system
#   Increase physical memory or swap space
#   Check if swap backing store is full
#   Decrease Java heap size (-Xmx/-Xms)
#   Decrease number of Java threads
#   Decrease Java thread stack sizes (-Xss)
#   Set larger code cache with -XX:ReservedCodeCacheSize=
#   JVM is running with Unscaled Compressed Oops mode in which the Java heap is
#     placed in the first 4GB address space. The Java Heap base address is the
#     maximum limit for the native heap growth. Please use -XX:HeapBaseMinAddress
#     to set the Java Heap base and to place the Java Heap above 4GB virtual address.
# This output file may be truncated or incomplete.
#
#  Out of Memory Error (allocation.cpp:44), pid=23104, tid=23308
#
# JRE version: OpenJDK Runtime Environment Temurin-21.0.11+10 (21.0.11+10) (build 21.0.11+10-LTS)
# Java VM: OpenJDK 64-Bit Server VM Temurin-21.0.11+10 (21.0.11+10-LTS, mixed mode, sharing, tiered, compressed oops, compressed class ptrs, parallel gc, windows-amd64)
# No core dump will be written. Minidumps are not enabled by default on client versions of Windows
#

---------------  S U M M A R Y ------------

Command Line: --add-modules=ALL-SYSTEM --add-opens=java.base/java.util=ALL-UNNAMED --add-opens=java.base/java.lang=ALL-UNNAMED --add-opens=java.base/sun.nio.fs=ALL-UNNAMED -Declipse.application=org.eclipse.jdt.ls.core.id1 -Dosgi.bundles.defaultStartLevel=4 -Declipse.product=org.eclipse.jdt.ls.core.product -Djava.import.generatesMetadataFilesAtProjectRoot=false -DDetectVMInstallationsJob.disabled=true -Dfile.encoding=utf8 -XX:+UseParallelGC -XX:GCTimeRatio=4 -XX:AdaptiveSizePolicyWeight=90 -Dsun.zip.disableMemoryMapping=true -Xmx2G -Xms100m -Xlog:disable -javaagent:c:\Users\Ali\.vscode\extensions\redhat.java-1.55.0-win32-x64\lombok\lombok-1.18.39-4050.jar -XX:+HeapDumpOnOutOfMemoryError -XX:HeapDumpPath=c:\Users\Ali\AppData\Roaming\Code\User\workspaceStorage\172a0b7ef7983f14f7374d10f53ee837\redhat.java -Daether.dependencyCollector.impl=bf c:\Users\Ali\.vscode\extensions\redhat.java-1.55.0-win32-x64\server\plugins\org.eclipse.equinox.launcher_1.7.200.v20260619-2039.jar -configuration c:\Users\Ali\AppData\Roaming\Code\User\globalStorage\redhat.java\1.55.0\config_win -data c:\Users\Ali\AppData\Roaming\Code\User\workspaceStorage\172a0b7ef7983f14f7374d10f53ee837\redhat.java\jdt_ws --pipe=\\.\pipe\lsp-6f40959e9ead7c07d1f4a6b2c2f18f32-sock

Host: Intel(R) Core(TM) i7-6700HQ CPU @ 2.60GHz, 8 cores, 7G,  Windows 10 , 64 bit Build 19041 (10.0.19041.5915)
Time: Fri Jul 10 18:04:17 2026 Egypt Daylight Time elapsed time: 70.617058 seconds (0d 0h 1m 10s)

---------------  T H R E A D  ---------------

Current thread (0x000001ae8c338f00):  JavaThread "Attach Listener" daemon [_thread_in_vm, id=23308, stack(0x00000064d0500000,0x00000064d0600000) (1024K)]

Stack: [0x00000064d0500000,0x00000064d0600000]
Native frames: (J=compiled Java code, j=interpreted, Vv=VM code, C=native code)
V  [jvm.dll+0x6d7e19]
V  [jvm.dll+0x8b5096]
V  [jvm.dll+0x8b764e]
V  [jvm.dll+0x8b7d33]
V  [jvm.dll+0x284596]
V  [jvm.dll+0xc13c7]
V  [jvm.dll+0x6d86c9]
V  [jvm.dll+0x133616]
V  [jvm.dll+0x3f868e]
V  [jvm.dll+0x85fb0d]
V  [jvm.dll+0x6d664d]
C  [ucrtbase.dll+0x21bb2]
C  [KERNEL32.DLL+0x17374]
C  [ntdll.dll+0x4cc91]


---------------  P R O C E S S  ---------------

Threads class SMR info:
_java_thread_list=0x000001aeed80dee0, length=47, elements={
0x000001ae8c3c1bc0, 0x000001ae8c32edf0, 0x000001ae8c3302a0, 0x000001ae8c3382a0,
0x000001ae8c338f00, 0x000001ae8c33c790, 0x000001ae8c33dd60, 0x000001ae8c33eaf0,
0x000001ae8c342c50, 0x000001aee58813a0, 0x000001aee598b150, 0x000001aeea2334f0,
0x000001aeea430fe0, 0x000001aeea30b780, 0x000001aeea30bdf0, 0x000001aeeac24b60,
0x000001aeea5b0ef0, 0x000001aeeab65450, 0x000001aeeac77d70, 0x000001aeeac75ca0,
0x000001aeeac78400, 0x000001aeeac769c0, 0x000001aeeac77050, 0x000001aeeac75610,
0x000001aeeac776e0, 0x000001aeeac76330, 0x000001aeeac78a90, 0x000001aeec441f00,
0x000001aeec445a10, 0x000001aeec442590, 0x000001aeec446730, 0x000001aeec448800,
0x000001aeec442c20, 0x000001aeec4460a0, 0x000001aeec446dc0, 0x000001aeec447450,
0x000001aeec447ae0, 0x000001aeec4432b0, 0x000001aeec448170, 0x000001aeec448e90,
0x000001aeec444660, 0x000001aeec444cf0, 0x000001aeeb48cb50, 0x000001aeeb48d1e0,
0x000001aeeb48d870, 0x000001aeeb48b110, 0x000001aeeb48be30
}

Java Threads: ( => current thread )
  0x000001ae8c3c1bc0 JavaThread "main"                              [_thread_blocked, id=21768, stack(0x00000064cfe00000,0x00000064cff00000) (1024K)]
  0x000001ae8c32edf0 JavaThread "Reference Handler"          daemon [_thread_blocked, id=15228, stack(0x00000064d0200000,0x00000064d0300000) (1024K)]
  0x000001ae8c3302a0 JavaThread "Finalizer"                  daemon [_thread_blocked, id=5136, stack(0x00000064d0300000,0x00000064d0400000) (1024K)]
  0x000001ae8c3382a0 JavaThread "Signal Dispatcher"          daemon [_thread_blocked, id=22496, stack(0x00000064d0400000,0x00000064d0500000) (1024K)]
=>0x000001ae8c338f00 JavaThread "Attach Listener"            daemon [_thread_in_vm, id=23308, stack(0x00000064d0500000,0x00000064d0600000) (1024K)]
  0x000001ae8c33c790 JavaThread "Service Thread"             daemon [_thread_blocked, id=10664, stack(0x00000064d0600000,0x00000064d0700000) (1024K)]
  0x000001ae8c33dd60 JavaThread "Monitor Deflation Thread"   daemon [_thread_blocked, id=10264, stack(0x00000064d0700000,0x00000064d0800000) (1024K)]
  0x000001ae8c33eaf0 JavaThread "C2 CompilerThread0"         daemon [_thread_blocked, id=4304, stack(0x00000064d0800000,0x00000064d0900000) (1024K)]
  0x000001ae8c342c50 JavaThread "C1 CompilerThread0"         daemon [_thread_blocked, id=8580, stack(0x00000064d0900000,0x00000064d0a00000) (1024K)]
  0x000001aee58813a0 JavaThread "Common-Cleaner"             daemon [_thread_blocked, id=17364, stack(0x00000064d0a00000,0x00000064d0b00000) (1024K)]
  0x000001aee598b150 JavaThread "Notification Thread"        daemon [_thread_blocked, id=16844, stack(0x00000064d0b00000,0x00000064d0c00000) (1024K)]
  0x000001aeea2334f0 JavaThread "Active Thread: Equinox Container: 0bfbfd23-d4a2-4a89-8a75-959b7ffd8c65"        [_thread_blocked, id=23848, stack(0x00000064d1200000,0x00000064d1300000) (1024K)]
  0x000001aeea430fe0 JavaThread "Refresh Thread: Equinox Container: 0bfbfd23-d4a2-4a89-8a75-959b7ffd8c65" daemon [_thread_blocked, id=24184, stack(0x00000064d1400000,0x00000064d1500000) (1024K)]
  0x000001aeea30b780 JavaThread "Framework Event Dispatcher: Equinox Container: 0bfbfd23-d4a2-4a89-8a75-959b7ffd8c65" daemon [_thread_blocked, id=24308, stack(0x00000064d1500000,0x00000064d1600000) (1024K)]
  0x000001aeea30bdf0 JavaThread "Start Level: Equinox Container: 0bfbfd23-d4a2-4a89-8a75-959b7ffd8c65" daemon [_thread_blocked, id=24312, stack(0x00000064d1600000,0x00000064d1700000) (1024K)]
  0x000001aeeac24b60 JavaThread "Bundle File Closer"         daemon [_thread_blocked, id=24488, stack(0x00000064d1800000,0x00000064d1900000) (1024K)]
  0x000001aeea5b0ef0 JavaThread "SCR Component Actor"        daemon [_thread_blocked, id=24052, stack(0x00000064d1700000,0x00000064d1800000) (1024K)]
  0x000001aeeab65450 JavaThread "Worker-JM"                         [_thread_blocked, id=24156, stack(0x00000064d1a00000,0x00000064d1b00000) (1024K)]
  0x000001aeeac77d70 JavaThread "JNA Cleaner"                daemon [_thread_blocked, id=24252, stack(0x00000064d1b00000,0x00000064d1c00000) (1024K)]
  0x000001aeeac75ca0 JavaThread "Worker-0: Check JDK Index"         [_thread_blocked, id=24352, stack(0x00000064d1c00000,0x00000064d1d00000) (1024K)]
  0x000001aeeac78400 JavaThread "Worker-1"                          [_thread_blocked, id=24360, stack(0x00000064d1d00000,0x00000064d1e00000) (1024K)]
  0x000001aeeac769c0 JavaThread "Worker-2"                          [_thread_blocked, id=8664, stack(0x00000064d1e00000,0x00000064d1f00000) (1024K)]
  0x000001aeeac77050 JavaThread "Java indexing"              daemon [_thread_blocked, id=15664, stack(0x00000064d1f00000,0x00000064d2000000) (1024K)]
  0x000001aeeac75610 JavaThread "Worker-3"                          [_thread_blocked, id=8676, stack(0x00000064d2200000,0x00000064d2300000) (1024K)]
  0x000001aeeac776e0 JavaThread "Worker-4"                          [_thread_blocked, id=23660, stack(0x00000064d2300000,0x00000064d2400000) (1024K)]
  0x000001aeeac76330 JavaThread "Thread-1"                   daemon [_thread_in_native, id=7108, stack(0x00000064d2400000,0x00000064d2500000) (1024K)]
  0x000001aeeac78a90 JavaThread "Thread-2"                   daemon [_thread_in_native, id=1180, stack(0x00000064d2500000,0x00000064d2600000) (1024K)]
  0x000001aeec441f00 JavaThread "Thread-3"                   daemon [_thread_in_native, id=3724, stack(0x00000064d2600000,0x00000064d2700000) (1024K)]
  0x000001aeec445a10 JavaThread "Thread-4"                   daemon [_thread_in_native, id=23648, stack(0x00000064d2700000,0x00000064d2800000) (1024K)]
  0x000001aeec442590 JavaThread "Thread-5"                   daemon [_thread_in_native, id=21760, stack(0x00000064d2800000,0x00000064d2900000) (1024K)]
  0x000001aeec446730 JavaThread "Thread-6"                   daemon [_thread_in_native, id=21824, stack(0x00000064d2900000,0x00000064d2a00000) (1024K)]
  0x000001aeec448800 JavaThread "Thread-7"                   daemon [_thread_in_native, id=23820, stack(0x00000064d2a00000,0x00000064d2b00000) (1024K)]
  0x000001aeec442c20 JavaThread "Thread-8"                   daemon [_thread_in_native, id=23580, stack(0x00000064d2b00000,0x00000064d2c00000) (1024K)]
  0x000001aeec4460a0 JavaThread "Thread-9"                   daemon [_thread_in_native, id=23616, stack(0x00000064d2c00000,0x00000064d2d00000) (1024K)]
  0x000001aeec446dc0 JavaThread "pool-2-thread-1"                   [_thread_blocked, id=23644, stack(0x00000064d2d00000,0x00000064d2e00000) (1024K)]
  0x000001aeec447450 JavaThread "WorkspaceEventsHandler"            [_thread_blocked, id=23620, stack(0x00000064d2e00000,0x00000064d2f00000) (1024K)]
  0x000001aeec447ae0 JavaThread "pool-1-thread-1"                   [_thread_blocked, id=19340, stack(0x00000064d2f00000,0x00000064d3000000) (1024K)]
  0x000001aeec4432b0 JavaThread "ForkJoinPool.commonPool-worker-1" daemon [_thread_blocked, id=22788, stack(0x00000064d3000000,0x00000064d3100000) (1024K)]
  0x000001aeec448170 JavaThread "ForkJoinPool.commonPool-worker-2" daemon [_thread_blocked, id=3060, stack(0x00000064d3100000,0x00000064d3200000) (1024K)]
  0x000001aeec448e90 JavaThread "ForkJoinPool.commonPool-worker-3" daemon [_thread_blocked, id=21384, stack(0x00000064d3200000,0x00000064d3300000) (1024K)]
  0x000001aeec444660 JavaThread "PatternSearchJob-worker-1"  daemon [_thread_blocked, id=25380, stack(0x00000064cfb00000,0x00000064cfc00000) (1024K)]
  0x000001aeec444cf0 JavaThread "PatternSearchJob-worker-2"  daemon [_thread_blocked, id=25384, stack(0x00000064cfc00000,0x00000064cfd00000) (1024K)]
  0x000001aeeb48cb50 JavaThread "PatternSearchJob-worker-3"  daemon [_thread_blocked, id=25388, stack(0x00000064cfd00000,0x00000064cfe00000) (1024K)]
  0x000001aeeb48d1e0 JavaThread "PatternSearchJob-worker-4"  daemon [_thread_blocked, id=25392, stack(0x00000064d1900000,0x00000064d1a00000) (1024K)]
  0x000001aeeb48d870 JavaThread "PatternSearchJob-worker-5"  daemon [_thread_blocked, id=25400, stack(0x00000064d3300000,0x00000064d3400000) (1024K)]
  0x000001aeeb48b110 JavaThread "PatternSearchJob-worker-6"  daemon [_thread_blocked, id=25404, stack(0x00000064d3400000,0x00000064d3500000) (1024K)]
  0x000001aeeb48be30 JavaThread "PatternSearchJob-worker-7"  daemon [_thread_blocked, id=25408, stack(0x00000064d3500000,0x00000064d3600000) (1024K)]
Total: 47

Other Threads:
  0x000001ae8c322670 VMThread "VM Thread"                           [id=8152, stack(0x00000064d0100000,0x00000064d0200000) (1024K)] _threads_hazard_ptr=0x000001aeed80dee0
  0x000001ae8c42db20 WatcherThread "VM Periodic Task Thread"        [id=20300, stack(0x00000064d0000000,0x00000064d0100000) (1024K)]
  0x000001ae8c3df690 WorkerThread "GC Thread#0"                     [id=1404, stack(0x00000064cff00000,0x00000064d0000000) (1024K)]
  0x000001aee5a1d8f0 WorkerThread "GC Thread#1"                     [id=21904, stack(0x00000064d0c00000,0x00000064d0d00000) (1024K)]
  0x000001aeea10a0c0 WorkerThread "GC Thread#2"                     [id=22100, stack(0x00000064d0d00000,0x00000064d0e00000) (1024K)]
  0x000001aeea10a470 WorkerThread "GC Thread#3"                     [id=10564, stack(0x00000064d0e00000,0x00000064d0f00000) (1024K)]
  0x000001aeea51cf40 WorkerThread "GC Thread#4"                     [id=9368, stack(0x00000064d0f00000,0x00000064d1000000) (1024K)]
  0x000001aeea51d2f0 WorkerThread "GC Thread#5"                     [id=22208, stack(0x00000064d1000000,0x00000064d1100000) (1024K)]
  0x000001aeea51d6a0 WorkerThread "GC Thread#6"                     [id=12140, stack(0x00000064d1100000,0x00000064d1200000) (1024K)]
  0x000001aeea2b2c10 WorkerThread "GC Thread#7"                     [id=24164, stack(0x00000064d1300000,0x00000064d1400000) (1024K)]
Total: 10

Threads with active compile tasks:
C2 CompilerThread0  70790 10682       4       org.eclipse.jdt.internal.core.index.DiskIndex::readStreamChars (529 bytes)
C1 CompilerThread0  70790 10688       3       com.sun.org.apache.xerces.internal.dom.DeferredDocumentImpl::getNodeObject (497 bytes)
Total: 2

VM state: synchronizing (normal execution)

VM Mutex/Monitor currently owned by a thread:  ([mutex/lock_event])
[0x00007ffdcaaef570] Threads_lock - owner thread: 0x000001ae8c322670
[0x00007ffdcaaef670] Heap_lock - owner thread: 0x000001aeec444660

Heap address: 0x0000000080000000, size: 2048 MB, Compressed Oops mode: 32-bit

CDS archive(s) mapped at: [0x000001aea3000000-0x000001aea3ba0000-0x000001aea3ba0000), size 12189696, SharedBaseAddress: 0x000001aea3000000, ArchiveRelocationMode: 1.
Compressed class space mapped at: 0x000001aea4000000-0x000001aee4000000, reserved size: 1073741824
Narrow klass base: 0x000001aea3000000, Narrow klass shift: 0, Narrow klass range: 0x100000000

GC Precious Log:
 CardTable entry size: 512
 CPUs: 8 total, 8 available
 Memory: 8071M
 Large Page Support: Disabled
 NUMA Support: Disabled
 Compressed Oops: Enabled (32-bit)
 Alignments: Space 512K, Generation 512K, Heap 2M
 Heap Min Capacity: 100M
 Heap Initial Capacity: 100M
 Heap Max Capacity: 2G
 Pre-touch: Disabled
 Parallel Workers: 8

Heap:
 PSYoungGen      total 3072K, used 2976K [0x00000000d5580000, 0x00000000d5b00000, 0x0000000100000000)
  eden space 1536K, 100% used [0x00000000d5580000,0x00000000d5700000,0x00000000d5700000)
  from space 1536K, 93% used [0x00000000d5700000,0x00000000d5868000,0x00000000d5880000)
  to   space 2048K, 0% used [0x00000000d5900000,0x00000000d5900000,0x00000000d5b00000)
 ParOldGen       total 439808K, used 187861K [0x0000000080000000, 0x000000009ad80000, 0x00000000d5580000)
  object space 439808K, 42% used [0x0000000080000000,0x000000008b775500,0x000000009ad80000)
 Metaspace       used 58434K, committed 59840K, reserved 1114112K
  class space    used 6256K, committed 6848K, reserved 1048576K

Card table byte_map: [0x000001ae8bd50000,0x000001ae8c160000] _byte_map_base: 0x000001ae8b950000

Marking Bits: (ParMarkBitMap*) 0x00007ffdcaaf4460
 Begin Bits: [0x000001ae9e860000, 0x000001aea0860000)
 End Bits:   [0x000001aea0860000, 0x000001aea2860000)

Polling page: 0x000001ae89df0000

Metaspace:

Usage:
  Non-class:     50.95 MB used.
      Class:      6.11 MB used.
       Both:     57.06 MB used.

Virtual space:
  Non-class space:       64.00 MB reserved,      51.75 MB ( 81%) committed,  1 nodes.
      Class space:        1.00 GB reserved,       6.69 MB ( <1%) committed,  1 nodes.
             Both:        1.06 GB reserved,      58.44 MB (  5%) committed. 

Chunk freelists:
   Non-Class:  11.63 MB
       Class:  9.28 MB
        Both:  20.91 MB

MaxMetaspaceSize: unlimited
CompressedClassSpaceSize: 1.00 GB
Initial GC threshold: 21.00 MB
Current GC threshold: 97.31 MB
CDS: on
 - commit_granule_bytes: 65536.
 - commit_granule_words: 8192.
 - virtual_space_node_default_size: 8388608.
 - enlarge_chunks_in_place: 1.
 - use_allocation_guard: 0.


Internal statistics:

num_allocs_failed_limit: 11.
num_arena_births: 1168.
num_arena_deaths: 16.
num_vsnodes_births: 2.
num_vsnodes_deaths: 0.
num_space_committed: 935.
num_space_uncommitted: 0.
num_chunks_returned_to_freelist: 27.
num_chunks_taken_from_freelist: 4006.
num_chunk_merges: 8.
num_chunk_splits: 2385.
num_chunks_enlarged: 1280.
num_inconsistent_stats: 0.

CodeHeap 'non-profiled nmethods': size=120000Kb used=6753Kb max_used=6834Kb free=113246Kb
 bounds [0x000001ae97080000, 0x000001ae97730000, 0x000001ae9e5b0000]
CodeHeap 'profiled nmethods': size=120000Kb used=21393Kb max_used=21832Kb free=98606Kb
 bounds [0x000001ae8f5b0000, 0x000001ae90b10000, 0x000001ae96ae0000]
CodeHeap 'non-nmethods': size=5760Kb used=1415Kb max_used=1522Kb free=4345Kb
 bounds [0x000001ae96ae0000, 0x000001ae96d50000, 0x000001ae97080000]
CodeCache: size=245760Kb, used=29561Kb, max_used=30188Kb, free=216197Kb
 total_blobs=10628, nmethods=9903, adapters=631, full_count=0
Compilation: enabled, stopped_count=0, restarted_count=0

Compilation events (20 events):
Event: 70.300 Thread 0x000001ae8c342c50 10675       3       java.util.Formatter::parse (208 bytes)
Event: 70.313 Thread 0x000001ae8c342c50 nmethod 10675 0x000001ae8fb27a90 code [0x000001ae8fb27f60, 0x000001ae8fb2a868]
Event: 70.314 Thread 0x000001ae8c342c50 10676 %s!   3       org.eclipse.jdt.internal.core.index.DiskIndex::readCategoryTable @ 260 (743 bytes)
Event: 70.428 Thread 0x000001ae8c342c50 nmethod 10676% 0x000001ae8fb70c90 code [0x000001ae8fb71300, 0x000001ae8fb75ba8]
Event: 70.429 Thread 0x000001ae8c342c50 10677       3       jdk.internal.misc.Unsafe::storeStoreFence (5 bytes)
Event: 70.431 Thread 0x000001ae8c342c50 nmethod 10677 0x000001ae8f62e710 code [0x000001ae8f62e8a0, 0x000001ae8f62e9c0]
Event: 70.439 Thread 0x000001ae8c342c50 10678 %     3       org.eclipse.jdt.internal.core.index.DiskIndex::readStreamDocumentArray @ 158 (267 bytes)
Event: 70.448 Thread 0x000001ae8c33eaf0 nmethod 10671 0x000001ae9713a790 code [0x000001ae9713a9a0, 0x000001ae9713b838]
Event: 70.448 Thread 0x000001ae8c33eaf0 10673 %     4       org.eclipse.jdt.internal.core.index.DiskIndex::addQueryResults @ 361 (739 bytes)
Event: 70.449 Thread 0x000001ae8c342c50 nmethod 10678% 0x000001ae8f83be10 code [0x000001ae8f83c060, 0x000001ae8f83cbc0]
Event: 70.449 Thread 0x000001ae8c342c50 10680  s!   3       org.eclipse.jdt.internal.core.index.DiskIndex::readCategoryTable (743 bytes)
Event: 70.458 Thread 0x000001ae8c342c50 nmethod 10680 0x000001ae8fdb6390 code [0x000001ae8fdb69e0, 0x000001ae8fdba740]
Event: 70.459 Thread 0x000001ae8c342c50 10681       3       org.eclipse.jdt.internal.core.index.DiskIndex::readStreamChars (529 bytes)
Event: 70.461 Thread 0x000001ae8c342c50 nmethod 10681 0x000001ae8fcee190 code [0x000001ae8fcee420, 0x000001ae8fcef2e0]
Event: 70.465 Thread 0x000001ae8c342c50 10683       3       org.eclipse.jdt.internal.core.index.DiskIndex::readStreamDocumentArray (267 bytes)
Event: 70.466 Thread 0x000001ae8c342c50 nmethod 10683 0x000001ae8f777410 code [0x000001ae8f777640, 0x000001ae8f778038]
Event: 70.526 Thread 0x000001ae8c33eaf0 nmethod 10673% 0x000001ae97156490 code [0x000001ae97156680, 0x000001ae97156eb8]
Event: 70.526 Thread 0x000001ae8c33eaf0 10682       4       org.eclipse.jdt.internal.core.index.DiskIndex::readStreamChars (529 bytes)
Event: 70.534 Thread 0x000001ae8c342c50 10685       3       com.sun.org.apache.xerces.internal.impl.XMLDocumentFragmentScannerImpl::getFeatureDefault (36 bytes)
Event: 70.538 Thread 0x000001ae8c342c50 nmethod 10685 0x000001ae8f62d610 code [0x000001ae8f62d7e0, 0x000001ae8f62da70]

GC Heap History (20 events):
Event: 66.738 GC heap before
{Heap before GC invocations=347 (full 2):
 PSYoungGen      total 2560K, used 2560K [0x00000000d5580000, 0x00000000d6100000, 0x0000000100000000)
  eden space 512K, 100% used [0x00000000d5580000,0x00000000d5600000,0x00000000d5600000)
  from space 2048K, 100% used [0x00000000d5a00000,0x00000000d5c00000,0x00000000d5c00000)
  to   space 4096K, 0% used [0x00000000d5600000,0x00000000d5600000,0x00000000d5a00000)
 ParOldGen       total 434176K, used 434071K [0x0000000080000000, 0x000000009a800000, 0x00000000d5580000)
  object space 434176K, 99% used [0x0000000080000000,0x000000009a7e5fd8,0x000000009a800000)
 Metaspace       used 58385K, committed 59776K, reserved 1114112K
  class space    used 6250K, committed 6848K, reserved 1048576K
}
Event: 66.744 GC heap after
{Heap after GC invocations=347 (full 2):
 PSYoungGen      total 1536K, used 640K [0x00000000d5580000, 0x00000000d5a80000, 0x0000000100000000)
  eden space 512K, 0% used [0x00000000d5580000,0x00000000d5580000,0x00000000d5600000)
  from space 1024K, 62% used [0x00000000d5600000,0x00000000d56a0000,0x00000000d5700000)
  to   space 2048K, 0% used [0x00000000d5880000,0x00000000d5880000,0x00000000d5a80000)
 ParOldGen       total 436224K, used 436095K [0x0000000080000000, 0x000000009aa00000, 0x00000000d5580000)
  object space 436224K, 99% used [0x0000000080000000,0x000000009a9dffd8,0x000000009aa00000)
 Metaspace       used 58385K, committed 59776K, reserved 1114112K
  class space    used 6250K, committed 6848K, reserved 1048576K
}
Event: 66.753 GC heap before
{Heap before GC invocations=348 (full 2):
 PSYoungGen      total 1536K, used 1017K [0x00000000d5580000, 0x00000000d5a80000, 0x0000000100000000)
  eden space 512K, 73% used [0x00000000d5580000,0x00000000d55de670,0x00000000d5600000)
  from space 1024K, 62% used [0x00000000d5600000,0x00000000d56a0000,0x00000000d5700000)
  to   space 2048K, 0% used [0x00000000d5880000,0x00000000d5880000,0x00000000d5a80000)
 ParOldGen       total 436224K, used 436095K [0x0000000080000000, 0x000000009aa00000, 0x00000000d5580000)
  object space 436224K, 99% used [0x0000000080000000,0x000000009a9dffd8,0x000000009aa00000)
 Metaspace       used 58385K, committed 59776K, reserved 1114112K
  class space    used 6250K, committed 6848K, reserved 1048576K
}
Event: 66.756 GC heap after
{Heap after GC invocations=348 (full 2):
 PSYoungGen      total 1536K, used 502K [0x00000000d5580000, 0x00000000d5900000, 0x0000000100000000)
  eden space 1024K, 0% used [0x00000000d5580000,0x00000000d5580000,0x00000000d5680000)
  from space 512K, 98% used [0x00000000d5880000,0x00000000d58fd9b8,0x00000000d5900000)
  to   space 1024K, 0% used [0x00000000d5700000,0x00000000d5700000,0x00000000d5800000)
 ParOldGen       total 436736K, used 436623K [0x0000000080000000, 0x000000009aa80000, 0x00000000d5580000)
  object space 436736K, 99% used [0x0000000080000000,0x000000009aa63fd8,0x000000009aa80000)
 Metaspace       used 58385K, committed 59776K, reserved 1114112K
  class space    used 6250K, committed 6848K, reserved 1048576K
}
Event: 66.772 GC heap before
{Heap before GC invocations=349 (full 2):
 PSYoungGen      total 1536K, used 1526K [0x00000000d5580000, 0x00000000d5900000, 0x0000000100000000)
  eden space 1024K, 100% used [0x00000000d5580000,0x00000000d5680000,0x00000000d5680000)
  from space 512K, 98% used [0x00000000d5880000,0x00000000d58fd9b8,0x00000000d5900000)
  to   space 1024K, 0% used [0x00000000d5700000,0x00000000d5700000,0x00000000d5800000)
 ParOldGen       total 436736K, used 436623K [0x0000000080000000, 0x000000009aa80000, 0x00000000d5580000)
  object space 436736K, 99% used [0x0000000080000000,0x000000009aa63fd8,0x000000009aa80000)
 Metaspace       used 58385K, committed 59776K, reserved 1114112K
  class space    used 6250K, committed 6848K, reserved 1048576K
}
Event: 66.776 GC heap after
{Heap after GC invocations=349 (full 2):
 PSYoungGen      total 2560K, used 1008K [0x00000000d5580000, 0x00000000d5b00000, 0x0000000100000000)
  eden space 1536K, 0% used [0x00000000d5580000,0x00000000d5580000,0x00000000d5700000)
  from space 1024K, 98% used [0x00000000d5700000,0x00000000d57fc140,0x00000000d5800000)
  to   space 2048K, 0% used [0x00000000d5900000,0x00000000d5900000,0x00000000d5b00000)
 ParOldGen       total 437248K, used 437045K [0x0000000080000000, 0x000000009ab00000, 0x00000000d5580000)
  object space 437248K, 99% used [0x0000000080000000,0x000000009aacd428,0x000000009ab00000)
 Metaspace       used 58385K, committed 59776K, reserved 1114112K
  class space    used 6250K, committed 6848K, reserved 1048576K
}
Event: 66.900 GC heap before
{Heap before GC invocations=350 (full 2):
 PSYoungGen      total 2560K, used 2520K [0x00000000d5580000, 0x00000000d5b00000, 0x0000000100000000)
  eden space 1536K, 98% used [0x00000000d5580000,0x00000000d56f9f48,0x00000000d5700000)
  from space 1024K, 98% used [0x00000000d5700000,0x00000000d57fc140,0x00000000d5800000)
  to   space 2048K, 0% used [0x00000000d5900000,0x00000000d5900000,0x00000000d5b00000)
 ParOldGen       total 437248K, used 437045K [0x0000000080000000, 0x000000009ab00000, 0x00000000d5580000)
  object space 437248K, 99% used [0x0000000080000000,0x000000009aacd428,0x000000009ab00000)
 Metaspace       used 58397K, committed 59776K, reserved 1114112K
  class space    used 6252K, committed 6848K, reserved 1048576K
}
Event: 66.922 GC heap after
{Heap after GC invocations=350 (full 2):
 PSYoungGen      total 3584K, used 1207K [0x00000000d5580000, 0x00000000d5a80000, 0x0000000100000000)
  eden space 2048K, 0% used [0x00000000d5580000,0x00000000d5580000,0x00000000d5780000)
  from space 1536K, 78% used [0x00000000d5900000,0x00000000d5a2dc40,0x00000000d5a80000)
  to   space 1536K, 0% used [0x00000000d5780000,0x00000000d5780000,0x00000000d5900000)
 ParOldGen       total 438272K, used 438077K [0x0000000080000000, 0x000000009ac00000, 0x00000000d5580000)
  object space 438272K, 99% used [0x0000000080000000,0x000000009abcf568,0x000000009ac00000)
 Metaspace       used 58397K, committed 59776K, reserved 1114112K
  class space    used 6252K, committed 6848K, reserved 1048576K
}
Event: 67.090 GC heap before
{Heap before GC invocations=351 (full 2):
 PSYoungGen      total 3584K, used 3155K [0x00000000d5580000, 0x00000000d5a80000, 0x0000000100000000)
  eden space 2048K, 95% used [0x00000000d5580000,0x00000000d5767240,0x00000000d5780000)
  from space 1536K, 78% used [0x00000000d5900000,0x00000000d5a2dc40,0x00000000d5a80000)
  to   space 1536K, 0% used [0x00000000d5780000,0x00000000d5780000,0x00000000d5900000)
 ParOldGen       total 438272K, used 438077K [0x0000000080000000, 0x000000009ac00000, 0x00000000d5580000)
  object space 438272K, 99% used [0x0000000080000000,0x000000009abcf568,0x000000009ac00000)
 Metaspace       used 58397K, committed 59776K, reserved 1114112K
  class space    used 6252K, committed 6848K, reserved 1048576K
}
Event: 67.095 GC heap after
{Heap after GC invocations=351 (full 2):
 PSYoungGen      total 3072K, used 824K [0x00000000d5580000, 0x00000000d5980000, 0x0000000100000000)
  eden space 2048K, 0% used [0x00000000d5580000,0x00000000d5580000,0x00000000d5780000)
  from space 1024K, 80% used [0x00000000d5780000,0x00000000d584e018,0x00000000d5880000)
  to   space 1024K, 0% used [0x00000000d5880000,0x00000000d5880000,0x00000000d5980000)
 ParOldGen       total 439296K, used 439070K [0x0000000080000000, 0x000000009ad00000, 0x00000000d5580000)
  object space 439296K, 99% used [0x0000000080000000,0x000000009acc7998,0x000000009ad00000)
 Metaspace       used 58397K, committed 59776K, reserved 1114112K
  class space    used 6252K, committed 6848K, reserved 1048576K
}
Event: 67.280 GC heap before
{Heap before GC invocations=352 (full 2):
 PSYoungGen      total 3072K, used 1377K [0x00000000d5580000, 0x00000000d5980000, 0x0000000100000000)
  eden space 2048K, 27% used [0x00000000d5580000,0x00000000d560a4b8,0x00000000d5780000)
  from space 1024K, 80% used [0x00000000d5780000,0x00000000d584e018,0x00000000d5880000)
  to   space 1024K, 0% used [0x00000000d5880000,0x00000000d5880000,0x00000000d5980000)
 ParOldGen       total 439296K, used 439070K [0x0000000080000000, 0x000000009ad00000, 0x00000000d5580000)
  object space 439296K, 99% used [0x0000000080000000,0x000000009acc7998,0x000000009ad00000)
 Metaspace       used 58404K, committed 59776K, reserved 1114112K
  class space    used 6253K, committed 6848K, reserved 1048576K
}
Event: 67.296 GC heap after
{Heap after GC invocations=352 (full 2):
 PSYoungGen      total 3072K, used 368K [0x00000000d5580000, 0x00000000d5980000, 0x0000000100000000)
  eden space 2048K, 0% used [0x00000000d5580000,0x00000000d5580000,0x00000000d5780000)
  from space 1024K, 35% used [0x00000000d5880000,0x00000000d58dc008,0x00000000d5980000)
  to   space 1024K, 0% used [0x00000000d5780000,0x00000000d5780000,0x00000000d5880000)
 ParOldGen       total 439808K, used 439798K [0x0000000080000000, 0x000000009ad80000, 0x00000000d5580000)
  object space 439808K, 99% used [0x0000000080000000,0x000000009ad7d9a8,0x000000009ad80000)
 Metaspace       used 58404K, committed 59776K, reserved 1114112K
  class space    used 6253K, committed 6848K, reserved 1048576K
}
Event: 67.296 GC heap before
{Heap before GC invocations=353 (full 3):
 PSYoungGen      total 3072K, used 368K [0x00000000d5580000, 0x00000000d5980000, 0x0000000100000000)
  eden space 2048K, 0% used [0x00000000d5580000,0x00000000d5580000,0x00000000d5780000)
  from space 1024K, 35% used [0x00000000d5880000,0x00000000d58dc008,0x00000000d5980000)
  to   space 1024K, 0% used [0x00000000d5780000,0x00000000d5780000,0x00000000d5880000)
 ParOldGen       total 439808K, used 439798K [0x0000000080000000, 0x000000009ad80000, 0x00000000d5580000)
  object space 439808K, 99% used [0x0000000080000000,0x000000009ad7d9a8,0x000000009ad80000)
 Metaspace       used 58404K, committed 59776K, reserved 1114112K
  class space    used 6253K, committed 6848K, reserved 1048576K
}
Event: 70.137 GC heap after
{Heap after GC invocations=353 (full 3):
 PSYoungGen      total 3072K, used 0K [0x00000000d5580000, 0x00000000d5980000, 0x0000000100000000)
  eden space 2048K, 0% used [0x00000000d5580000,0x00000000d5580000,0x00000000d5780000)
  from space 1024K, 0% used [0x00000000d5880000,0x00000000d5880000,0x00000000d5980000)
  to   space 1024K, 0% used [0x00000000d5780000,0x00000000d5780000,0x00000000d5880000)
 ParOldGen       total 439808K, used 184516K [0x0000000080000000, 0x000000009ad80000, 0x00000000d5580000)
  object space 439808K, 41% used [0x0000000080000000,0x000000008b431260,0x000000009ad80000)
 Metaspace       used 58403K, committed 59776K, reserved 1114112K
  class space    used 6253K, committed 6848K, reserved 1048576K
}
Event: 70.406 GC heap before
{Heap before GC invocations=354 (full 3):
 PSYoungGen      total 3072K, used 2048K [0x00000000d5580000, 0x00000000d5980000, 0x0000000100000000)
  eden space 2048K, 100% used [0x00000000d5580000,0x00000000d5780000,0x00000000d5780000)
  from space 1024K, 0% used [0x00000000d5880000,0x00000000d5880000,0x00000000d5980000)
  to   space 1024K, 0% used [0x00000000d5780000,0x00000000d5780000,0x00000000d5880000)
 ParOldGen       total 439808K, used 184516K [0x0000000080000000, 0x000000009ad80000, 0x00000000d5580000)
  object space 439808K, 41% used [0x0000000080000000,0x000000008b431260,0x000000009ad80000)
 Metaspace       used 58424K, committed 59840K, reserved 1114112K
  class space    used 6255K, committed 6848K, reserved 1048576K
}
Event: 70.427 GC heap after
{Heap after GC invocations=354 (full 3):
 PSYoungGen      total 3072K, used 998K [0x00000000d5580000, 0x00000000d5b80000, 0x0000000100000000)
  eden space 2048K, 0% used [0x00000000d5580000,0x00000000d5580000,0x00000000d5780000)
  from space 1024K, 97% used [0x00000000d5780000,0x00000000d5879880,0x00000000d5880000)
  to   space 2048K, 0% used [0x00000000d5980000,0x00000000d5980000,0x00000000d5b80000)
 ParOldGen       total 439808K, used 185040K [0x0000000080000000, 0x000000009ad80000, 0x00000000d5580000)
  object space 439808K, 42% used [0x0000000080000000,0x000000008b4b4110,0x000000009ad80000)
 Metaspace       used 58424K, committed 59840K, reserved 1114112K
  class space    used 6255K, committed 6848K, reserved 1048576K
}
Event: 70.497 GC heap before
{Heap before GC invocations=355 (full 3):
 PSYoungGen      total 3072K, used 3046K [0x00000000d5580000, 0x00000000d5b80000, 0x0000000100000000)
  eden space 2048K, 100% used [0x00000000d5580000,0x00000000d5780000,0x00000000d5780000)
  from space 1024K, 97% used [0x00000000d5780000,0x00000000d5879880,0x00000000d5880000)
  to   space 2048K, 0% used [0x00000000d5980000,0x00000000d5980000,0x00000000d5b80000)
 ParOldGen       total 439808K, used 185040K [0x0000000080000000, 0x000000009ad80000, 0x00000000d5580000)
  object space 439808K, 42% used [0x0000000080000000,0x000000008b4b4110,0x000000009ad80000)
 Metaspace       used 58426K, committed 59840K, reserved 1114112K
  class space    used 6255K, committed 6848K, reserved 1048576K
}
Event: 70.516 GC heap after
{Heap after GC invocations=355 (full 3):
 PSYoungGen      total 3584K, used 1978K [0x00000000d5580000, 0x00000000d5c80000, 0x0000000100000000)
  eden space 1536K, 0% used [0x00000000d5580000,0x00000000d5580000,0x00000000d5700000)
  from space 2048K, 96% used [0x00000000d5980000,0x00000000d5b6ea10,0x00000000d5b80000)
  to   space 2560K, 0% used [0x00000000d5700000,0x00000000d5700000,0x00000000d5980000)
 ParOldGen       total 439808K, used 186012K [0x0000000080000000, 0x000000009ad80000, 0x00000000d5580000)
  object space 439808K, 42% used [0x0000000080000000,0x000000008b5a7290,0x000000009ad80000)
 Metaspace       used 58426K, committed 59840K, reserved 1114112K
  class space    used 6255K, committed 6848K, reserved 1048576K
}
Event: 70.591 GC heap before
{Heap before GC invocations=356 (full 3):
 PSYoungGen      total 3584K, used 3514K [0x00000000d5580000, 0x00000000d5c80000, 0x0000000100000000)
  eden space 1536K, 100% used [0x00000000d5580000,0x00000000d5700000,0x00000000d5700000)
  from space 2048K, 96% used [0x00000000d5980000,0x00000000d5b6ea10,0x00000000d5b80000)
  to   space 2560K, 0% used [0x00000000d5700000,0x00000000d5700000,0x00000000d5980000)
 ParOldGen       total 439808K, used 186012K [0x0000000080000000, 0x000000009ad80000, 0x00000000d5580000)
  object space 439808K, 42% used [0x0000000080000000,0x000000008b5a7290,0x000000009ad80000)
 Metaspace       used 58428K, committed 59840K, reserved 1114112K
  class space    used 6256K, committed 6848K, reserved 1048576K
}
Event: 70.608 GC heap after
{Heap after GC invocations=356 (full 3):
 PSYoungGen      total 3072K, used 1440K [0x00000000d5580000, 0x00000000d5b00000, 0x0000000100000000)
  eden space 1536K, 0% used [0x00000000d5580000,0x00000000d5580000,0x00000000d5700000)
  from space 1536K, 93% used [0x00000000d5700000,0x00000000d5868000,0x00000000d5880000)
  to   space 2048K, 0% used [0x00000000d5900000,0x00000000d5900000,0x00000000d5b00000)
 ParOldGen       total 439808K, used 187861K [0x0000000080000000, 0x000000009ad80000, 0x00000000d5580000)
  object space 439808K, 42% used [0x0000000080000000,0x000000008b775500,0x000000009ad80000)
 Metaspace       used 58428K, committed 59840K, reserved 1114112K
  class space    used 6256K, committed 6848K, reserved 1048576K
}

Dll operation events (10 events):
Event: 0.058 Loaded shared library c:\Users\Ali\.vscode\extensions\redhat.java-1.55.0-win32-x64\jre\21.0.11-win32-x86_64\bin\java.dll
Event: 0.193 Loaded shared library c:\Users\Ali\.vscode\extensions\redhat.java-1.55.0-win32-x64\jre\21.0.11-win32-x86_64\bin\zip.dll
Event: 0.599 Loaded shared library C:\Users\Ali\.vscode\extensions\redhat.java-1.55.0-win32-x64\jre\21.0.11-win32-x86_64\bin\instrument.dll
Event: 0.658 Loaded shared library C:\Users\Ali\.vscode\extensions\redhat.java-1.55.0-win32-x64\jre\21.0.11-win32-x86_64\bin\net.dll
Event: 0.666 Loaded shared library C:\Users\Ali\.vscode\extensions\redhat.java-1.55.0-win32-x64\jre\21.0.11-win32-x86_64\bin\nio.dll
Event: 0.674 Loaded shared library C:\Users\Ali\.vscode\extensions\redhat.java-1.55.0-win32-x64\jre\21.0.11-win32-x86_64\bin\zip.dll
Event: 0.835 Loaded shared library C:\Users\Ali\.vscode\extensions\redhat.java-1.55.0-win32-x64\jre\21.0.11-win32-x86_64\bin\jimage.dll
Event: 1.379 Loaded shared library c:\Users\Ali\.vscode\extensions\redhat.java-1.55.0-win32-x64\jre\21.0.11-win32-x86_64\bin\verify.dll
Event: 10.884 Loaded shared library C:\Users\Ali\AppData\Roaming\Code\User\globalStorage\redhat.java\1.55.0\config_win\org.eclipse.equinox.launcher\org.eclipse.equinox.launcher.win32.win32.x86_64_1.3.100.v20260613-0559\eclipse_11924.dll
Event: 18.607 Loaded shared library C:\Users\Ali\AppData\Local\Temp\jna-65918\jna5098732782101597355.dll

Deoptimization events (20 events):
Event: 66.492 Thread 0x000001aeeac75ca0 DEOPT PACKING pc=0x000001ae9760f8dc sp=0x00000064d1cfe4d0
Event: 66.492 Thread 0x000001aeeac75ca0 DEOPT UNPACKING pc=0x000001ae96b33aa2 sp=0x00000064d1cfe4b8 mode 2
Event: 66.792 Thread 0x000001aeeac77050 Uncommon trap: trap_request=0xffffffc6 fr.pc=0x000001ae97445e34 relative=0x0000000000000b94
Event: 66.792 Thread 0x000001aeeac77050 Uncommon trap: reason=bimorphic_or_optimized_type_check action=maybe_recompile pc=0x000001ae97445e34 method=org.eclipse.jdt.internal.compiler.util.SimpleLookupTable.put(Ljava/lang/Object;Ljava/lang/Object;)Ljava/lang/Object; @ 7 c2
Event: 66.792 Thread 0x000001aeeac77050 DEOPT PACKING pc=0x000001ae97445e34 sp=0x00000064d1fff190
Event: 66.792 Thread 0x000001aeeac77050 DEOPT UNPACKING pc=0x000001ae96b33aa2 sp=0x00000064d1fff140 mode 2
Event: 70.253 Thread 0x000001aeec444660 Uncommon trap: trap_request=0xffffff45 fr.pc=0x000001ae97729424 relative=0x0000000000000464
Event: 70.253 Thread 0x000001aeec444660 Uncommon trap: reason=unstable_if action=reinterpret pc=0x000001ae97729424 method=org.eclipse.jdt.internal.core.index.DiskIndex.readStreamDocumentArray(Ljava/io/InputStream;I)[I @ 17 c2
Event: 70.254 Thread 0x000001aeec444660 DEOPT PACKING pc=0x000001ae97729424 sp=0x00000064cfbfe4c0
Event: 70.254 Thread 0x000001aeec444660 DEOPT UNPACKING pc=0x000001ae96b33aa2 sp=0x00000064cfbfe470 mode 2
Event: 70.261 Thread 0x000001aeec444660 Uncommon trap: trap_request=0xffffff45 fr.pc=0x000001ae977236a8 relative=0x0000000000000608
Event: 70.261 Thread 0x000001aeec444660 Uncommon trap: reason=unstable_if action=reinterpret pc=0x000001ae977236a8 method=org.eclipse.jdt.internal.core.index.DiskIndex.readStreamChars(Ljava/io/InputStream;)[C @ 169 c2
Event: 70.261 Thread 0x000001aeec444660 DEOPT PACKING pc=0x000001ae977236a8 sp=0x00000064cfbfe4d0
Event: 70.261 Thread 0x000001aeec444660 DEOPT UNPACKING pc=0x000001ae96b33aa2 sp=0x00000064cfbfe458 mode 2
Event: 70.449 Thread 0x000001aeec444cf0 Uncommon trap: trap_request=0xffffff45 fr.pc=0x000001ae9713b5c0 relative=0x0000000000000c20
Event: 70.450 Thread 0x000001aeec444cf0 Uncommon trap: reason=unstable_if action=reinterpret pc=0x000001ae9713b5c0 method=org.eclipse.jdt.internal.core.index.DiskIndex.readStreamChars(Ljava/io/InputStream;)[C @ 199 c2
Event: 70.450 Thread 0x000001aeec444cf0 DEOPT PACKING pc=0x000001ae9713b5c0 sp=0x00000064cfcfe6f0
Event: 70.450 Thread 0x000001aeec444cf0 DEOPT UNPACKING pc=0x000001ae96b33aa2 sp=0x00000064cfcfe668 mode 2
Event: 70.526 Thread 0x000001aeec444660 DEOPT PACKING pc=0x000001ae90afc2f6 sp=0x00000064cfbfe640
Event: 70.526 Thread 0x000001aeec444660 DEOPT UNPACKING pc=0x000001ae96b34242 sp=0x00000064cfbfdbb8 mode 0

Classes loaded (20 events):
Event: 40.627 Loading class sun/util/resources/TimeZoneNames_en
Event: 40.627 Loading class sun/util/resources/TimeZoneNames_en done
Event: 41.672 Loading class java/util/Vector$1
Event: 41.673 Loading class java/util/Vector$1 done
Event: 43.132 Loading class java/util/Hashtable$ValueCollection
Event: 43.132 Loading class java/util/Hashtable$ValueCollection done
Event: 43.690 Loading class java/util/stream/ReferencePipeline$4
Event: 43.690 Loading class java/util/stream/ReferencePipeline$4 done
Event: 43.691 Loading class java/util/stream/Nodes$IntFixedNodeBuilder
Event: 43.692 Loading class java/util/stream/Node$Builder$OfInt
Event: 43.692 Loading class java/util/stream/Node$Builder$OfInt done
Event: 43.692 Loading class java/util/stream/Nodes$IntArrayNode
Event: 43.692 Loading class java/util/stream/Nodes$IntArrayNode done
Event: 43.692 Loading class java/util/stream/Nodes$IntFixedNodeBuilder done
Event: 43.693 Loading class java/util/stream/ReferencePipeline$4$1
Event: 43.693 Loading class java/util/stream/ReferencePipeline$4$1 done
Event: 65.968 Loading class sun/nio/fs/WindowsFileCopy
Event: 66.000 Loading class sun/nio/fs/WindowsFileCopy done
Event: 67.257 Loading class java/util/concurrent/ForkJoinTask$AdaptedCallable
Event: 70.181 Loading class java/util/concurrent/ForkJoinTask$AdaptedCallable done

Classes unloaded (8 events):
Event: 20.345 Thread 0x000001ae8c322670 Unloading class 0x000001aea41a4400 'java/lang/invoke/LambdaForm$MH+0x000001aea41a4400'
Event: 20.345 Thread 0x000001ae8c322670 Unloading class 0x000001aea41a4000 'java/lang/invoke/LambdaForm$MH+0x000001aea41a4000'
Event: 20.345 Thread 0x000001ae8c322670 Unloading class 0x000001aea41a3c00 'java/lang/invoke/LambdaForm$MH+0x000001aea41a3c00'
Event: 20.345 Thread 0x000001ae8c322670 Unloading class 0x000001aea41a3800 'java/lang/invoke/LambdaForm$MH+0x000001aea41a3800'
Event: 20.345 Thread 0x000001ae8c322670 Unloading class 0x000001aea41a3400 'java/lang/invoke/LambdaForm$BMH+0x000001aea41a3400'
Event: 20.345 Thread 0x000001ae8c322670 Unloading class 0x000001aea41a3000 'java/lang/invoke/LambdaForm$DMH+0x000001aea41a3000'
Event: 20.345 Thread 0x000001ae8c322670 Unloading class 0x000001aea41a2000 'java/lang/invoke/LambdaForm$DMH+0x000001aea41a2000'
Event: 67.577 Thread 0x000001ae8c322670 Unloading class 0x000001aea4614400 'java/lang/invoke/LambdaForm$DMH+0x000001aea4614400'

Classes redefined (0 events):
No events

Internal exceptions (20 events):
Event: 46.286 Thread 0x000001aeeac769c0 Exception <a 'java/lang/NullPointerException'{0x00000000d5a32898}> (0x00000000d5a32898) 
thrown [s\src\hotspot\share\runtime\sharedRuntime.cpp, line 625]
Event: 46.286 Thread 0x000001aeeac769c0 Implicit null exception at 0x000001ae909d229b to 0x000001ae909d2855
Event: 46.286 Thread 0x000001aeeac769c0 Exception <a 'java/lang/NullPointerException'{0x00000000d5a32da8}> (0x00000000d5a32da8) 
thrown [s\src\hotspot\share\runtime\sharedRuntime.cpp, line 625]
Event: 46.286 Thread 0x000001aeeac769c0 Implicit null exception at 0x000001ae909d229b to 0x000001ae909d2855
Event: 46.286 Thread 0x000001aeeac769c0 Exception <a 'java/lang/NullPointerException'{0x00000000d5a33320}> (0x00000000d5a33320) 
thrown [s\src\hotspot\share\runtime\sharedRuntime.cpp, line 625]
Event: 46.286 Thread 0x000001aeeac769c0 Implicit null exception at 0x000001ae909d229b to 0x000001ae909d2855
Event: 46.286 Thread 0x000001aeeac769c0 Exception <a 'java/lang/NullPointerException'{0x00000000d5a338a0}> (0x00000000d5a338a0) 
thrown [s\src\hotspot\share\runtime\sharedRuntime.cpp, line 625]
Event: 46.286 Thread 0x000001aeeac769c0 Implicit null exception at 0x000001ae909d229b to 0x000001ae909d2855
Event: 46.286 Thread 0x000001aeeac769c0 Exception <a 'java/lang/NullPointerException'{0x00000000d5a33db0}> (0x00000000d5a33db0) 
thrown [s\src\hotspot\share\runtime\sharedRuntime.cpp, line 625]
Event: 46.286 Thread 0x000001aeeac769c0 Implicit null exception at 0x000001ae909d229b to 0x000001ae909d2855
Event: 46.286 Thread 0x000001aeeac769c0 Exception <a 'java/lang/NullPointerException'{0x00000000d5a342e8}> (0x00000000d5a342e8) 
thrown [s\src\hotspot\share\runtime\sharedRuntime.cpp, line 625]
Event: 46.286 Thread 0x000001aeeac769c0 Implicit null exception at 0x000001ae909d229b to 0x000001ae909d2855
Event: 46.286 Thread 0x000001aeeac769c0 Exception <a 'java/lang/NullPointerException'{0x00000000d5a34818}> (0x00000000d5a34818) 
thrown [s\src\hotspot\share\runtime\sharedRuntime.cpp, line 625]
Event: 46.286 Thread 0x000001aeeac769c0 Implicit null exception at 0x000001ae909d229b to 0x000001ae909d2855
Event: 46.286 Thread 0x000001aeeac769c0 Exception <a 'java/lang/NullPointerException'{0x00000000d5a34ed8}> (0x00000000d5a34ed8) 
thrown [s\src\hotspot\share\runtime\sharedRuntime.cpp, line 625]
Event: 46.286 Thread 0x000001aeeac769c0 Implicit null exception at 0x000001ae909d229b to 0x000001ae909d2855
Event: 46.286 Thread 0x000001aeeac769c0 Exception <a 'java/lang/NullPointerException'{0x00000000d5a35408}> (0x00000000d5a35408) 
thrown [s\src\hotspot\share\runtime\sharedRuntime.cpp, line 625]
Event: 46.286 Thread 0x000001aeeac769c0 Implicit null exception at 0x000001ae909d229b to 0x000001ae909d2855
Event: 46.286 Thread 0x000001aeeac769c0 Exception <a 'java/lang/NullPointerException'{0x00000000d5a35910}> (0x00000000d5a35910) 
thrown [s\src\hotspot\share\runtime\sharedRuntime.cpp, line 625]
Event: 66.010 Thread 0x000001aeeac77050 Exception <a 'sun/nio/fs/WindowsException'{0x00000000d5638c08}> (0x00000000d5638c08) 
thrown [s\src\hotspot\share\prims\jni.cpp, line 520]

ZGC Phase Switch (0 events):
No events

VM Operations (20 events):
Event: 66.726 Executing safepoint VM operation: ParallelGCFailedAllocation (Allocation Failure)
Event: 66.733 Executing safepoint VM operation: ParallelGCFailedAllocation (Allocation Failure) done
Event: 66.738 Executing safepoint VM operation: ParallelGCFailedAllocation (Allocation Failure)
Event: 66.744 Executing safepoint VM operation: ParallelGCFailedAllocation (Allocation Failure) done
Event: 66.753 Executing safepoint VM operation: ParallelGCFailedAllocation (Allocation Failure)
Event: 66.756 Executing safepoint VM operation: ParallelGCFailedAllocation (Allocation Failure) done
Event: 66.772 Executing safepoint VM operation: ParallelGCFailedAllocation (Allocation Failure)
Event: 66.777 Executing safepoint VM operation: ParallelGCFailedAllocation (Allocation Failure) done
Event: 66.900 Executing safepoint VM operation: ParallelGCFailedAllocation (Allocation Failure)
Event: 66.922 Executing safepoint VM operation: ParallelGCFailedAllocation (Allocation Failure) done
Event: 67.090 Executing safepoint VM operation: ParallelGCFailedAllocation (Allocation Failure)
Event: 67.095 Executing safepoint VM operation: ParallelGCFailedAllocation (Allocation Failure) done
Event: 67.262 Executing safepoint VM operation: CollectForMetadataAllocation (Metadata GC Threshold)
Event: 70.138 Executing safepoint VM operation: CollectForMetadataAllocation (Metadata GC Threshold) done
Event: 70.323 Executing safepoint VM operation: ParallelGCFailedAllocation (Allocation Failure)
Event: 70.427 Executing safepoint VM operation: ParallelGCFailedAllocation (Allocation Failure) done
Event: 70.473 Executing safepoint VM operation: ParallelGCFailedAllocation (Allocation Failure)
Event: 70.516 Executing safepoint VM operation: ParallelGCFailedAllocation (Allocation Failure) done
Event: 70.537 Executing safepoint VM operation: ParallelGCFailedAllocation (Allocation Failure)
Event: 70.608 Executing safepoint VM operation: ParallelGCFailedAllocation (Allocation Failure) done

Memory protections (0 events):
No events

Nmethod flushes (20 events):
Event: 69.021 Thread 0x000001ae8c322670 flushing  nmethod 0x000001ae8feb4890
Event: 69.022 Thread 0x000001ae8c322670 flushing  nmethod 0x000001ae8febad90
Event: 69.022 Thread 0x000001ae8c322670 flushing  nmethod 0x000001ae8febc210
Event: 69.022 Thread 0x000001ae8c322670 flushing  nmethod 0x000001ae8febc810
Event: 69.022 Thread 0x000001ae8c322670 flushing  nmethod 0x000001ae8febcf90
Event: 69.022 Thread 0x000001ae8c322670 flushing  nmethod 0x000001ae8febd390
Event: 69.022 Thread 0x000001ae8c322670 flushing  nmethod 0x000001ae8febd810
Event: 69.022 Thread 0x000001ae8c322670 flushing  nmethod 0x000001ae8febde10
Event: 69.022 Thread 0x000001ae8c322670 flushing  nmethod 0x000001ae8febe210
Event: 69.022 Thread 0x000001ae8c322670 flushing  nmethod 0x000001ae8febf790
Event: 69.022 Thread 0x000001ae8c322670 flushing  nmethod 0x000001ae8febfd90
Event: 69.022 Thread 0x000001ae8c322670 flushing  nmethod 0x000001ae8fed4690
Event: 69.023 Thread 0x000001ae8c322670 flushing  nmethod 0x000001ae8fed4c90
Event: 69.023 Thread 0x000001ae8c322670 flushing  nmethod 0x000001ae8fed8110
Event: 69.024 Thread 0x000001ae8c322670 flushing  nmethod 0x000001ae8fed9310
Event: 69.024 Thread 0x000001ae8c322670 flushing  nmethod 0x000001ae8fef3090
Event: 69.024 Thread 0x000001ae8c322670 flushing  nmethod 0x000001ae8ff0f810
Event: 69.024 Thread 0x000001ae8c322670 flushing  nmethod 0x000001ae8ff16810
Event: 69.024 Thread 0x000001ae8c322670 flushing  nmethod 0x000001ae8ff17010
Event: 69.024 Thread 0x000001ae8c322670 flushing  nmethod 0x000001ae8ff19990

Events (20 events):
Event: 34.625 Thread 0x000001aeec444cf0 Thread exited: 0x000001aeec444cf0
Event: 34.625 Thread 0x000001aeec449520 Thread exited: 0x000001aeec449520
Event: 34.626 Thread 0x000001aeec444660 Thread exited: 0x000001aeec444660
Event: 34.627 Thread 0x000001aeec443fd0 Thread exited: 0x000001aeec443fd0
Event: 48.631 Thread 0x000001aeed407f80 Thread exited: 0x000001aeed407f80
Event: 49.404 Thread 0x000001ae8c33eaf0 Thread added: 0x000001aeed6f3e00
Event: 49.751 Thread 0x000001aeed6f3e00 Thread exited: 0x000001aeed6f3e00
Event: 50.876 Thread 0x000001ae8c342c50 Thread added: 0x000001aeed6f3e00
Event: 51.364 Thread 0x000001aeed6f3e00 Thread exited: 0x000001aeed6f3e00
Event: 59.150 Thread 0x000001ae8c33eaf0 Thread added: 0x000001aeed6f44d0
Event: 63.237 Thread 0x000001aeed6f44d0 Thread exited: 0x000001aeed6f44d0
Event: 66.631 Thread 0x000001ae8c33eaf0 Thread added: 0x000001aeed6f44d0
Event: 66.757 Thread 0x000001aeed6f44d0 Thread exited: 0x000001aeed6f44d0
Event: 70.202 Thread 0x000001aeeac75ca0 Thread added: 0x000001aeec444660
Event: 70.208 Thread 0x000001aeeac75ca0 Thread added: 0x000001aeec444cf0
Event: 70.232 Thread 0x000001aeec444660 Thread added: 0x000001aeeb48cb50
Event: 70.316 Thread 0x000001aeec444cf0 Thread added: 0x000001aeeb48d1e0
Event: 70.435 Thread 0x000001aeeb48d1e0 Thread added: 0x000001aeeb48d870
Event: 70.449 Thread 0x000001aeeb48cb50 Thread added: 0x000001aeeb48b110
Event: 70.465 Thread 0x000001aeeb48d870 Thread added: 0x000001aeeb48be30


Dynamic libraries:
0x00007ff728400000 - 0x00007ff72840e000 	c:\Users\Ali\.vscode\extensions\redhat.java-1.55.0-win32-x64\jre\21.0.11-win32-x86_64\bin\java.exe
0x00007ffea7ef0000 - 0x00007ffea80e8000 	C:\WINDOWS\SYSTEM32\ntdll.dll
0x00007ffea7310000 - 0x00007ffea73d2000 	C:\WINDOWS\System32\KERNEL32.DLL
0x00007ffea5ca0000 - 0x00007ffea5f96000 	C:\WINDOWS\System32\KERNELBASE.dll
0x00007ffea5a00000 - 0x00007ffea5b00000 	C:\WINDOWS\System32\ucrtbase.dll
0x00007ffe5ecc0000 - 0x00007ffe5ecd8000 	c:\Users\Ali\.vscode\extensions\redhat.java-1.55.0-win32-x64\jre\21.0.11-win32-x86_64\bin\jli.dll
0x00007ffea70c0000 - 0x00007ffea7261000 	C:\WINDOWS\System32\USER32.dll
0x00007ffea59d0000 - 0x00007ffea59f2000 	C:\WINDOWS\System32\win32u.dll
0x00007ffea6360000 - 0x00007ffea638b000 	C:\WINDOWS\System32\GDI32.dll
0x00007ffea5b00000 - 0x00007ffea5c19000 	C:\WINDOWS\System32\gdi32full.dll
0x00007ffea5930000 - 0x00007ffea59cd000 	C:\WINDOWS\System32\msvcp_win.dll
0x00007ffe5eca0000 - 0x00007ffe5ecbe000 	c:\Users\Ali\.vscode\extensions\redhat.java-1.55.0-win32-x64\jre\21.0.11-win32-x86_64\bin\VCRUNTIME140.dll
0x00007ffe8e7e0000 - 0x00007ffe8ea7b000 	C:\WINDOWS\WinSxS\amd64_microsoft.windows.common-controls_6595b64144ccf1df_6.0.19041.6456_none_60b8a6cb71f64256\COMCTL32.dll
0x00007ffea7270000 - 0x00007ffea730e000 	C:\WINDOWS\System32\msvcrt.dll
0x00007ffea6da0000 - 0x00007ffea6dcf000 	C:\WINDOWS\System32\IMM32.DLL
0x00000000643f0000 - 0x00000000643fd000 	C:\Program Files (x86)\360\Total Security\safemon\SafeWrapper.dll
0x00007ffea6fa0000 - 0x00007ffea7051000 	C:\WINDOWS\System32\ADVAPI32.dll
0x00007ffea73e0000 - 0x00007ffea747f000 	C:\WINDOWS\System32\sechost.dll
0x00007ffea6c00000 - 0x00007ffea6d20000 	C:\WINDOWS\System32\RPCRT4.dll
0x00007ffea5c20000 - 0x00007ffea5c47000 	C:\WINDOWS\System32\bcrypt.dll
0x00007ffea3ca0000 - 0x00007ffea3da5000 	C:\Program Files (x86)\360\Total Security\safemon\libzdtp64.dll
0x00007ffea6410000 - 0x00007ffea6b80000 	C:\WINDOWS\System32\SHELL32.dll
0x00007ffea7060000 - 0x00007ffea70bb000 	C:\WINDOWS\System32\SHLWAPI.dll
0x00007ffea5170000 - 0x00007ffea517a000 	C:\WINDOWS\SYSTEM32\VERSION.dll
0x00007ffe75e90000 - 0x00007ffe75e9c000 	c:\Users\Ali\.vscode\extensions\redhat.java-1.55.0-win32-x64\jre\21.0.11-win32-x86_64\bin\vcruntime140_1.dll
0x00007ffe08460000 - 0x00007ffe084ed000 	c:\Users\Ali\.vscode\extensions\redhat.java-1.55.0-win32-x64\jre\21.0.11-win32-x86_64\bin\msvcp140.dll
0x00007ffdc9e30000 - 0x00007ffdcabd2000 	c:\Users\Ali\.vscode\extensions\redhat.java-1.55.0-win32-x64\jre\21.0.11-win32-x86_64\bin\server\jvm.dll
0x00007ffea6b90000 - 0x00007ffea6bfb000 	C:\WINDOWS\System32\WS2_32.dll
0x00007ffea4ae0000 - 0x00007ffea4b2b000 	C:\WINDOWS\SYSTEM32\POWRPROF.dll
0x00007ffe92880000 - 0x00007ffe928a7000 	C:\WINDOWS\SYSTEM32\WINMM.dll
0x00007ffea49a0000 - 0x00007ffea49b2000 	C:\WINDOWS\SYSTEM32\UMPDC.dll
0x00007ffea3c80000 - 0x00007ffea3c92000 	C:\WINDOWS\SYSTEM32\kernel.appcore.dll
0x00007ffe65300000 - 0x00007ffe6530a000 	c:\Users\Ali\.vscode\extensions\redhat.java-1.55.0-win32-x64\jre\21.0.11-win32-x86_64\bin\jimage.dll
0x00007ffe9fc90000 - 0x00007ffe9fe91000 	C:\WINDOWS\SYSTEM32\DBGHELP.DLL
0x00007ffe8e260000 - 0x00007ffe8e294000 	C:\WINDOWS\SYSTEM32\dbgcore.DLL
0x00007ffea5610000 - 0x00007ffea5692000 	C:\WINDOWS\System32\bcryptPrimitives.dll
0x00007ffe788c0000 - 0x00007ffe788cf000 	c:\Users\Ali\.vscode\extensions\redhat.java-1.55.0-win32-x64\jre\21.0.11-win32-x86_64\bin\instrument.dll
0x00007ffe89ae0000 - 0x00007ffe89b00000 	c:\Users\Ali\.vscode\extensions\redhat.java-1.55.0-win32-x64\jre\21.0.11-win32-x86_64\bin\java.dll
0x00007ffea34d0000 - 0x00007ffea3c75000 	C:\WINDOWS\SYSTEM32\windows.storage.dll
0x00007ffea6000000 - 0x00007ffea6354000 	C:\WINDOWS\System32\combase.dll
0x00007ffea4fd0000 - 0x00007ffea4ffb000 	C:\WINDOWS\SYSTEM32\Wldp.dll
0x00007ffea7660000 - 0x00007ffea772d000 	C:\WINDOWS\System32\OLEAUT32.dll
0x00007ffea6ef0000 - 0x00007ffea6f9d000 	C:\WINDOWS\System32\SHCORE.dll
0x00007ffea5540000 - 0x00007ffea5564000 	C:\WINDOWS\SYSTEM32\profapi.dll
0x00007ffe5cb00000 - 0x00007ffe5cb18000 	c:\Users\Ali\.vscode\extensions\redhat.java-1.55.0-win32-x64\jre\21.0.11-win32-x86_64\bin\zip.dll
0x00007ffe627a0000 - 0x00007ffe627b0000 	C:\Users\Ali\.vscode\extensions\redhat.java-1.55.0-win32-x64\jre\21.0.11-win32-x86_64\bin\net.dll
0x00007ffe99a50000 - 0x00007ffe99b5a000 	C:\WINDOWS\SYSTEM32\WINHTTP.dll
0x00007ffea4d30000 - 0x00007ffea4d9a000 	C:\WINDOWS\system32\mswsock.dll
0x00007ffe5fc40000 - 0x00007ffe5fc56000 	C:\Users\Ali\.vscode\extensions\redhat.java-1.55.0-win32-x64\jre\21.0.11-win32-x86_64\bin\nio.dll
0x00007ffe62790000 - 0x00007ffe627a0000 	c:\Users\Ali\.vscode\extensions\redhat.java-1.55.0-win32-x64\jre\21.0.11-win32-x86_64\bin\verify.dll
0x00007ffe543b0000 - 0x00007ffe543f5000 	C:\Users\Ali\AppData\Roaming\Code\User\globalStorage\redhat.java\1.55.0\config_win\org.eclipse.equinox.launcher\org.eclipse.equinox.launcher.win32.win32.x86_64_1.3.100.v20260613-0559\eclipse_11924.dll
0x00007ffea7480000 - 0x00007ffea75ab000 	C:\WINDOWS\System32\ole32.dll
0x00007ffea4f30000 - 0x00007ffea4f48000 	C:\WINDOWS\SYSTEM32\CRYPTSP.dll
0x00007ffea45e0000 - 0x00007ffea4618000 	C:\WINDOWS\system32\rsaenh.dll
0x00007ffea5500000 - 0x00007ffea552e000 	C:\WINDOWS\SYSTEM32\USERENV.dll
0x00007ffea4f20000 - 0x00007ffea4f2c000 	C:\WINDOWS\SYSTEM32\CRYPTBASE.dll
0x00007ffea49c0000 - 0x00007ffea49fb000 	C:\WINDOWS\SYSTEM32\IPHLPAPI.DLL
0x00007ffea6b80000 - 0x00007ffea6b88000 	C:\WINDOWS\System32\NSI.dll
0x00007ffe02470000 - 0x00007ffe024b9000 	C:\Users\Ali\AppData\Local\Temp\jna-65918\jna5098732782101597355.dll
0x00007ffea7730000 - 0x00007ffea7738000 	C:\WINDOWS\System32\PSAPI.DLL
0x00007ffe9ad50000 - 0x00007ffe9ad67000 	C:\WINDOWS\SYSTEM32\dhcpcsvc6.DLL
0x00007ffe9aca0000 - 0x00007ffe9acbd000 	C:\WINDOWS\SYSTEM32\dhcpcsvc.DLL

JVMTI agents:
c:\Users\Ali\.vscode\extensions\redhat.java-1.55.0-win32-x64\lombok\lombok-1.18.39-4050.jar path:c:\Users\Ali\.vscode\extensions\redhat.java-1.55.0-win32-x64\jre\21.0.11-win32-x86_64\bin\instrument.dll, loaded, initialized, instrumentlib options:none

dbghelp: loaded successfully - version: 4.0.5 - missing functions: none
symbol engine: initialized successfully - sym options: 0x614 - pdb path: .;c:\Users\Ali\.vscode\extensions\redhat.java-1.55.0-win32-x64\jre\21.0.11-win32-x86_64\bin;C:\WINDOWS\SYSTEM32;C:\WINDOWS\WinSxS\amd64_microsoft.windows.common-controls_6595b64144ccf1df_6.0.19041.6456_none_60b8a6cb71f64256;C:\Program Files (x86)\360\Total Security\safemon;c:\Users\Ali\.vscode\extensions\redhat.java-1.55.0-win32-x64\jre\21.0.11-win32-x86_64\bin\server;C:\Users\Ali\AppData\Roaming\Code\User\globalStorage\redhat.java\1.55.0\config_win\org.eclipse.equinox.launcher\org.eclipse.equinox.launcher.win32.win32.x86_64_1.3.100.v20260613-0559;C:\Users\Ali\AppData\Local\Temp\jna-65918

VM Arguments:
jvm_args: --add-modules=ALL-SYSTEM --add-opens=java.base/java.util=ALL-UNNAMED --add-opens=java.base/java.lang=ALL-UNNAMED --add-opens=java.base/sun.nio.fs=ALL-UNNAMED -Declipse.application=org.eclipse.jdt.ls.core.id1 -Dosgi.bundles.defaultStartLevel=4 -Declipse.product=org.eclipse.jdt.ls.core.product -Djava.import.generatesMetadataFilesAtProjectRoot=false -DDetectVMInstallationsJob.disabled=true -Dfile.encoding=utf8 -XX:+UseParallelGC -XX:GCTimeRatio=4 -XX:AdaptiveSizePolicyWeight=90 -Dsun.zip.disableMemoryMapping=true -Xmx2G -Xms100m -Xlog:disable -javaagent:c:\Users\Ali\.vscode\extensions\redhat.java-1.55.0-win32-x64\lombok\lombok-1.18.39-4050.jar -XX:+HeapDumpOnOutOfMemoryError -XX:HeapDumpPath=c:\Users\Ali\AppData\Roaming\Code\User\workspaceStorage\172a0b7ef7983f14f7374d10f53ee837\redhat.java -Daether.dependencyCollector.impl=bf 
java_command: c:\Users\Ali\.vscode\extensions\redhat.java-1.55.0-win32-x64\server\plugins\org.eclipse.equinox.launcher_1.7.200.v20260619-2039.jar -configuration c:\Users\Ali\AppData\Roaming\Code\User\globalStorage\redhat.java\1.55.0\config_win -data c:\Users\Ali\AppData\Roaming\Code\User\workspaceStorage\172a0b7ef7983f14f7374d10f53ee837\redhat.java\jdt_ws --pipe=\\.\pipe\lsp-6f40959e9ead7c07d1f4a6b2c2f18f32-sock
java_class_path (initial): c:\Users\Ali\.vscode\extensions\redhat.java-1.55.0-win32-x64\server\plugins\org.eclipse.equinox.launcher_1.7.200.v20260619-2039.jar
Launcher Type: SUN_STANDARD

[Global flags]
    uintx AdaptiveSizePolicyWeight                 = 90                                        {product} {command line}
     intx CICompilerCount                          = 4                                         {product} {ergonomic}
    uintx GCTimeRatio                              = 4                                         {product} {command line}
     bool HeapDumpOnOutOfMemoryError               = true                                   {manageable} {command line}
    ccstr HeapDumpPath                             = c:\Users\Ali\AppData\Roaming\Code\User\workspaceStorage\172a0b7ef7983f14f7374d10f53ee837\redhat.java         {manageable} {command line}
   size_t InitialHeapSize                          = 104857600                                 {product} {command line}
   size_t MaxHeapSize                              = 2147483648                                {product} {command line}
   size_t MaxNewSize                               = 715653120                                 {product} {ergonomic}
   size_t MinHeapDeltaBytes                        = 524288                                    {product} {ergonomic}
   size_t MinHeapSize                              = 104857600                                 {product} {command line}
   size_t NewSize                                  = 34603008                                  {product} {ergonomic}
    uintx NonNMethodCodeHeapSize                   = 5839372                                {pd product} {ergonomic}
    uintx NonProfiledCodeHeapSize                  = 122909434                              {pd product} {ergonomic}
   size_t OldSize                                  = 70254592                                  {product} {ergonomic}
    uintx ProfiledCodeHeapSize                     = 122909434                              {pd product} {ergonomic}
    uintx ReservedCodeCacheSize                    = 251658240                              {pd product} {ergonomic}
     bool SegmentedCodeCache                       = true                                      {product} {ergonomic}
   size_t SoftMaxHeapSize                          = 2147483648                             {manageable} {ergonomic}
     bool UseCompressedOops                        = true                           {product lp64_product} {ergonomic}
     bool UseLargePagesIndividualAllocation        = false                                  {pd product} {ergonomic}
     bool UseParallelGC                            = true                                      {product} {command line}

Logging:
Log output configuration:
 #0: stdout all=off uptime,level,tags foldmultilines=false
 #1: stderr all=off uptime,level,tags foldmultilines=false

Release file:
JAVA_VERSION="21.0.11" 
MODULES="java.base java.compiler java.datatransfer java.xml java.prefs java.desktop java.instrument java.logging java.management java.security.sasl java.naming java.rmi java.management.rmi java.net.http java.scripting java.security.jgss java.transaction.xa java.sql java.sql.rowset java.xml.crypto java.se java.smartcardio jdk.accessibility jdk.internal.jvmstat jdk.attach jdk.charsets jdk.internal.opt jdk.zipfs jdk.compiler jdk.crypto.ec jdk.crypto.cryptoki jdk.crypto.mscapi jdk.dynalink jdk.internal.ed jdk.editpad jdk.hotspot.agent jdk.httpserver jdk.internal.le jdk.internal.vm.ci jdk.internal.vm.compiler jdk.internal.vm.compiler.management jdk.jartool jdk.javadoc jdk.jcmd jdk.management jdk.management.agent jdk.jconsole jdk.jdeps jdk.jdwp.agent jdk.jdi jdk.jfr jdk.jshell jdk.jsobject jdk.jstatd jdk.localedata jdk.management.jfr jdk.naming.dns jdk.naming.rmi jdk.net jdk.nio.mapmode jdk.random jdk.sctp jdk.security.auth jdk.security.jgss jdk.unsupported jdk.unsupported.desktop jdk.xml.dom" 

Environment Variables:
PATH=C:\Program Files\Common Files\Oracle\Java\javapath;C:\WINDOWS\system32;C:\WINDOWS;C:\WINDOWS\System32\Wbem;C:\WINDOWS\System32\WindowsPowerShell\v1.0\;C:\Program Files\Git\cmd;C:\Program Files\nodejs\;C:\WINDOWS\System32\OpenSSH\;C:\Users\Ali\Downloads\apache-maven-3.9.16\bin;C:\Program Files\cursor\resources\app\bin;c:\Users\Ali\AppData\Local\Programs\cursor\resources\app\codeBin;;C:\Users\Ali\AppData\Local\Programs\Microsoft VS Code\bin;C:\Users\Ali\AppData\Roaming\npm;C:\Program Files\JetBrains\IntelliJ IDEA 2026.1.1\bin;C:\Users\Ali\AppData\Local\Microsoft\WindowsApps;C:\Users\Ali\AppData\Local\Programs\Antigravity\bin;C:\Users\Ali\AppData\Local\Programs\cursor\resources\app\bin;C:\Users\Ali\AppData\Local\PowerToys\DSCModules\
USERNAME=Ali
OS=Windows_NT
PROCESSOR_IDENTIFIER=Intel64 Family 6 Model 94 Stepping 3, GenuineIntel
TMP=C:\Users\Ali\AppData\Local\Temp
TEMP=C:\Users\Ali\AppData\Local\Temp




Periodic native trim disabled

---------------  S Y S T E M  ---------------

OS:
 Windows 10 , 64 bit Build 19041 (10.0.19041.5915)
OS uptime: 0 days 2:01 hours

CPU: total 8 (initial active 8) (4 cores per cpu, 2 threads per core) family 6 model 94 stepping 3 microcode 0xf0, cx8, cmov, fxsr, ht, mmx, 3dnowpref, sse, sse2, sse3, ssse3, sse4.1, sse4.2, popcnt, lzcnt, tsc, tscinvbit, avx, avx2, aes, erms, clmul, bmi1, bmi2, rtm, adx, fma, vzeroupper, clflush, clflushopt, rdtscp, f16c
Processor Information for processor 0
  Max Mhz: 2592, Current Mhz: 2592, Mhz Limit: 2592
Processor Information for processor 1
  Max Mhz: 2592, Current Mhz: 2592, Mhz Limit: 2592
Processor Information for processor 2
  Max Mhz: 2592, Current Mhz: 1495, Mhz Limit: 2592
Processor Information for processor 3
  Max Mhz: 2592, Current Mhz: 1495, Mhz Limit: 2592
Processor Information for processor 4
  Max Mhz: 2592, Current Mhz: 1495, Mhz Limit: 2592
Processor Information for processor 5
  Max Mhz: 2592, Current Mhz: 2592, Mhz Limit: 2592
Processor Information for processor 6
  Max Mhz: 2592, Current Mhz: 1495, Mhz Limit: 2592
Processor Information for processor 7
  Max Mhz: 2592, Current Mhz: 2592, Mhz Limit: 2592

Memory: 4k page, system-wide physical 8071M (386M free)
TotalPageFile size 23548M (AvailPageFile size 0M)
current process WorkingSet (physical memory assigned to process): 400M, peak: 542M
current process commit charge ("private bytes"): 684M, peak: 695M

vm_info: OpenJDK 64-Bit Server VM (21.0.11+10-LTS) for windows-amd64 JRE (21.0.11+10-LTS), built on 2026-04-21T00:00:00Z by "admin" with MS VC++ 17.12 (VS2022)

END.
